Mon Sep  7 20:12:29 CEST 2020
;; 1. Based on: 60
;; 2. Description:
;;    Implementing final frem60.dir model
;; 3. Label:
;;    DAT-1, TYPE=1
$PROBLEM    run 1
$INPUT      NO ID STUDYID TAD TIME DAY AMT RATE ODV DV EVID BLQ DOSE
            FOOD FORM TYPE WT HT AGE SEX RACE ETHNIC GENO SMOK AST ALT
            BILI BMI CRCL NCI NCIL RACEL RACEL1 RACEL2 RACEL3 GENO1
            GENO2 GENO3 GENO4 FREMTYPE
$DATA      frem_dataset.dta IGNORE=@
$SUBROUTINE ADVAN2 TRANS2
$PK
;;; FRELGENO-DEFINITION START
IF(GENO.EQ.2.0000E+00) FRELGENO = 1  ; Most common
IF(GENO.EQ.3.0000E+00) FRELGENO = ( 1 + THETA(14))
IF(GENO.EQ.4.0000E+00) FRELGENO = ( 1 + THETA(15))
IF(GENO.EQ.1.0000E+00) FRELGENO = ( 1 + THETA(16))
;;; FRELGENO-DEFINITION END


;;; FRELFORM-DEFINITION START
IF(FORM.EQ.1.0000E+00) FRELFORM = 1  ; Most common
IF(FORM.EQ.0.0000E+00) FRELFORM = ( 1 + THETA(13))
;;; FRELFORM-DEFINITION END

;;; FREL-RELATION START
FRELCOVTIME = FRELFORM
FRELCOV = FRELGENO
;;; FREL-RELATION END


;;; CLFOOD-DEFINITION START
IF(FOOD.EQ.1.0000E+00) CLFOOD = 1  ; Most common
IF(FOOD.EQ.0.0000E+00) CLFOOD = ( 1 + THETA(12))
;;; CLFOOD-DEFINITION END

CLWT = (WT/75)**THETA(2)

IF(GENO.EQ.2) CLGENO = 1
IF(GENO.EQ.1) CLGENO = (1+THETA(9))
IF(GENO.EQ.3) CLGENO = (1+THETA(10))
IF(GENO.EQ.4) CLGENO = (1+THETA(11))

;;; CL-RELATION START
CLCOVTIME = CLFOOD
CLCOV=CLWT*CLGENO
;;; CL-RELATION END

VWT =  (WT/75)**THETA(3)
VCOV = VWT

TVFREL  = THETA(1)*FRELCOV
TVCL    = THETA(4)*CLCOV
TVV     = THETA(5)*VCOV
TVMAT   = THETA(6)
TVD1    = THETA(7)
TVRUV   = THETA(8)

MU_1  = LOG(TVRUV)
MU_2  = TVD1
MU_3  = LOG(TVFREL)
MU_4  = LOG(TVCL)
MU_5  = LOG(TVV)
MU_6  = LOG(TVMAT)

RUV   = EXP(MU_1               + ETA(1))
D1FR  = MU_2                   + ETA(2)
FREL  = FRELCOVTIME * EXP(MU_3 + ETA(3))
CL    = CLCOVTIME   * EXP(MU_4 + ETA(4))
V     = EXP(MU_5               + ETA(5))
MAT   = EXP(MU_6               + ETA(6))

D1    = MAT*(1-D1FR)
F1    = FREL
KA    = 1 / (MAT-D1)
S2    = V

     MU_7 = THETA(17)
     COV7 = MU_7 + ETA(7)
     MU_8 = THETA(18)
     COV8 = MU_8 + ETA(8)
     MU_9 = THETA(19)
     COV9 = MU_9 + ETA(9)
     MU_10 = THETA(20)
     COV10 = MU_10 + ETA(10)
     MU_11 = THETA(21)
     COV11 = MU_11 + ETA(11)
     MU_12 = THETA(22)
     COV12 = MU_12 + ETA(12)
$ERROR
CP    = A(2)*1000 / V
IPRED = LOG(CP + 0.00001)
Y     = IPRED + EPS(1) * EXP(ETA(1))

;;;FREM CODE BEGIN COMPACT
;;;DO NOT MODIFY
     IF (FREMTYPE.EQ.100) THEN
;       AGE  1
        Y = COV7 + EPS(2)
        IPRED = COV7
     END IF
     IF (FREMTYPE.EQ.200) THEN
;       BMI  1
        Y = COV8 + EPS(2)
        IPRED = COV8
     END IF
     IF (FREMTYPE.EQ.300) THEN
;       CRCL  1
        Y = COV9 + EPS(2)
        IPRED = COV9
     END IF
     IF (FREMTYPE.EQ.400) THEN
;       SEX  1
        Y = COV10 + EPS(2)
        IPRED = COV10
     END IF
     IF (FREMTYPE.EQ.500) THEN
;       RACEL_3  1
        Y = COV11 + EPS(2)
        IPRED = COV11
     END IF
     IF (FREMTYPE.EQ.600) THEN
;       RACEL_2  1
        Y = COV12 + EPS(2)
        IPRED = COV12
     END IF
;;;FREM CODE END COMPACT
$THETA  1 FIX ; 1. TVFREL
$THETA  0.75 FIX ; 2. WT coef on TVCL
$THETA  1 FIX ; 3. WT coef on TVV
$THETA  (0,12.9238) ; 4. TVCL
$THETA  (0,206.447) ; 5. TVV
$THETA  (0,6.6169) ; 6. TVMAT
$THETA  (0,0.63728,1) ; 7 TVD1
$THETA  1 FIX ; TVRUV
$THETA  (-1,0.733499) ; GENO=1 on CL
$THETA  (-1,-0.257239) ; GENO=3 on CL
$THETA  (-1,-0.519219) ; GENO=4 on CL
$THETA  (-1.00,0.24303,3.00) ; CLFOOD1
$THETA  (-1.00,-0.143368,3.00) ; FRELFORM1
$THETA  (-1.00,0.322536,3.00) ; FRELGENO1
 (-1.00,2.77068,3.00) ; FRELGENO2
 (-1.00,-0.408129,3.00) ; FRELGENO3
$THETA  44.2148 ; TV_AGE
 30.3011 ; TV_BMI
 118.823 ; TV_CRCL
 1.4465 ; TV_SEX
 0.0193571 ; TV_RACEL_3
 0.200529 ; TV_RACEL_2
$OMEGA  0.0821397  ; 1. IIV on RUV
$OMEGA  0.0001  FIX  ;         D1
$OMEGA  BLOCK(10)
 0.355118  ; 2. IIV on FREL
 0.107884 0.162604  ; 3. IIV on CL
 0.0632937 0.0540479 0.146033  ; 4. IIV on V
 -0.000997759 0.0275816 0.0511788 0.151893  ; 5. IIV on MAT
 1.35309 0.940607 1.13431 -0.116914 171.152  ;    BSV_AGE
 1.80361 1.53831 1.83275 0.180495 21.5876 39.8735  ;    BSV_BMI
 5.53285 4.99748 5.83668 1.00508 -119.198 79.9421 592.248  ;   BSV_CRCL
 -0.058362 -0.0226342 -0.0124707 -0.00391241 -0.248546 -0.12715 -0.107272 0.247506  ;    BSV_SEX
 -0.00114649 0.00132732 -0.0046923 0.00394207 0.0319504 -0.0576348 -0.295547 -0.00173723 0.019015  ; BSV_RACEL_3
 -0.00593722 -0.00209445 0.00427665 -0.00334753 -1.12644 -0.0188588 0.276756 0.00169173 -0.0038889 0.160554  ; BSV_RACEL_2
$SIGMA  0.0429072  ;     1. RUV
$SIGMA  1E-07  FIX  ;     EPSCOV
$ESTIMATION METHOD=IMPMAP AUTO=1 RANMETHOD=3P INTER NOABORT PRINT=1
            CITER=15 NOCOV=1 ISAMPEND=100 NITER=100 ISAMPLE=300
            CTYPE=1 CALPHA=0.001


NM-TRAN MESSAGES
  
 WARNINGS AND ERRORS (IF ANY) FOR PROBLEM    1
             
 (WARNING  2) NM-TRAN INFERS THAT THE DATA ARE POPULATION.

 (MU_WARNING 26) DATA ITEM(S) USED IN DEFINITION OF MU_(S) SHOULD BE CONSTANT FOR INDIV. REC.:
  WT
Note: The following floating-point exceptions are signalling: IEEE_INVALID_FLAG IEEE_DIVIDE_BY_ZERO

License Registered to: Pharmetheus AB
Expiration Date:    14 DEC 2020
Current Date:        7 SEP 2020
Days until program expires :  97
1NONLINEAR MIXED EFFECTS MODEL PROGRAM (NONMEM) VERSION 7.3.0
 ORIGINALLY DEVELOPED BY STUART BEAL, LEWIS SHEINER, AND ALISON BOECKMANN
 CURRENT DEVELOPERS ARE ROBERT BAUER, ICON DEVELOPMENT SOLUTIONS,
 AND ALISON BOECKMANN. IMPLEMENTATION, EFFICIENCY, AND STANDARDIZATION
 PERFORMED BY NOUS INFOSYSTEMS.

 PROBLEM NO.:         1
 run 1
0DATA CHECKOUT RUN:              NO
 DATA SET LOCATED ON UNIT NO.:    2
 THIS UNIT TO BE REWOUND:        NO
 NO. OF DATA RECS IN DATA SET:    38251
 NO. OF DATA ITEMS IN DATA SET:  41
 ID DATA ITEM IS DATA ITEM NO.:   2
 DEP VARIABLE IS DATA ITEM NO.:  10
 MDV DATA ITEM IS DATA ITEM NO.: 41
0INDICES PASSED TO SUBROUTINE PRED:
  11   5   7   8   0   0   0   0   0   0   0
0LABELS FOR DATA ITEMS:
 NO ID STUDYID TAD TIME DAY AMT RATE ODV DV EVID BLQ DOSE FOOD FORM TYPE WT HT AGE SEX RACE ETHNIC GENO SMOK AST ALT BILI
 BMI CRCL NCI NCIL RACEL RACEL1 RACEL2 RACEL3 GENO1 GENO2 GENO3 GENO4 FREMTYPE MDV
0FORMAT FOR DATA:
 (3(10E7.0/),10E7.0,1F2.0)

 TOT. NO. OF OBS RECS:    10623
 TOT. NO. OF INDIVIDUALS:    755
0LENGTH OF THETA:  22
0DEFAULT THETA BOUNDARY TEST OMITTED:    NO
0OMEGA HAS BLOCK FORM:
  1
  0  2
  0  0  3
  0  0  3  3
  0  0  3  3  3
  0  0  3  3  3  3
  0  0  3  3  3  3  3
  0  0  3  3  3  3  3  3
  0  0  3  3  3  3  3  3  3
  0  0  3  3  3  3  3  3  3  3
  0  0  3  3  3  3  3  3  3  3  3
  0  0  3  3  3  3  3  3  3  3  3  3
0DEFAULT OMEGA BOUNDARY TEST OMITTED:    NO
0SIGMA HAS BLOCK FORM:
  1
  0  2
0DEFAULT SIGMA BOUNDARY TEST OMITTED:    NO
0INITIAL ESTIMATE OF THETA:
 LOWER BOUND    INITIAL EST    UPPER BOUND
  0.1000E+01     0.1000E+01     0.1000E+01
  0.7500E+00     0.7500E+00     0.7500E+00
  0.1000E+01     0.1000E+01     0.1000E+01
  0.0000E+00     0.1292E+02     0.1000E+07
  0.0000E+00     0.2064E+03     0.1000E+07
  0.0000E+00     0.6617E+01     0.1000E+07
  0.0000E+00     0.6373E+00     0.1000E+01
  0.1000E+01     0.1000E+01     0.1000E+01
 -0.1000E+01     0.7335E+00     0.1000E+07
 -0.1000E+01    -0.2572E+00     0.1000E+07
 -0.1000E+01    -0.5192E+00     0.1000E+07
 -0.1000E+01     0.2430E+00     0.3000E+01
 -0.1000E+01    -0.1434E+00     0.3000E+01
 -0.1000E+01     0.3225E+00     0.3000E+01
 -0.1000E+01     0.2771E+01     0.3000E+01
 -0.1000E+01    -0.4081E+00     0.3000E+01
 -0.1000E+07     0.4421E+02     0.1000E+07
 -0.1000E+07     0.3030E+02     0.1000E+07
 -0.1000E+07     0.1188E+03     0.1000E+07
 -0.1000E+07     0.1446E+01     0.1000E+07
 -0.1000E+07     0.1936E-01     0.1000E+07
 -0.1000E+07     0.2005E+00     0.1000E+07
0INITIAL ESTIMATE OF OMEGA:
 BLOCK SET NO.   BLOCK                                                                    FIXED
        1                                                                                   NO
                  0.8214E-01
        2                                                                                  YES
                  0.1000E-03
        3                                                                                   NO
 DIMENSION OF BLOCK EXCEEDS 8
 INITL. EST. OF BLOCK NOT PRINTED
0INITIAL ESTIMATE OF SIGMA:
 BLOCK SET NO.   BLOCK                                                                    FIXED
        1                                                                                   NO
                  0.4291E-01
        2                                                                                  YES
                  0.1000E-06
1DOUBLE PRECISION PREDPP VERSION 7.3.0

 ONE COMPARTMENT MODEL WITH FIRST-ORDER ABSORPTION (ADVAN2)
0MAXIMUM NO. OF BASIC PK PARAMETERS:   3
0BASIC PK PARAMETERS (AFTER TRANSLATION):
   ELIMINATION RATE (K) IS BASIC PK PARAMETER NO.:  1
   ABSORPTION RATE (KA) IS BASIC PK PARAMETER NO.:  3

 TRANSLATOR WILL CONVERT PARAMETERS
 CLEARANCE (CL) AND VOLUME (V) TO K (TRANS2)
0COMPARTMENT ATTRIBUTES
 COMPT. NO.   FUNCTION   INITIAL    ON/OFF      DOSE      DEFAULT    DEFAULT
                         STATUS     ALLOWED    ALLOWED    FOR DOSE   FOR OBS.
    1         DEPOT        OFF        YES        YES        YES        NO
    2         CENTRAL      ON         NO         YES        NO         YES
    3         OUTPUT       OFF        YES        NO         NO         NO
1
 ADDITIONAL PK PARAMETERS - ASSIGNMENT OF ROWS IN GG
 COMPT. NO.                             INDICES
              SCALE      BIOAVAIL.   ZERO-ORDER  ZERO-ORDER  ABSORB
                         FRACTION    RATE        DURATION    LAG
    1            *           5           *           4           *
    2            6           *           *           *           *
    3            *           -           -           -           -
             - PARAMETER IS NOT ALLOWED FOR THIS MODEL
             * PARAMETER IS NOT SUPPLIED BY PK SUBROUTINE;
               WILL DEFAULT TO ONE IF APPLICABLE
0DATA ITEM INDICES USED BY PRED ARE:
   EVENT ID DATA ITEM IS DATA ITEM NO.:     11
   TIME DATA ITEM IS DATA ITEM NO.:          5
   DOSE AMOUNT DATA ITEM IS DATA ITEM NO.:   7
   DOSE RATE DATA ITEM IS DATA ITEM NO.:     8

0PK SUBROUTINE CALLED WITH EVERY EVENT RECORD.
 PK SUBROUTINE NOT CALLED AT NONEVENT (ADDITIONAL OR LAGGED) DOSE TIMES.
0ERROR SUBROUTINE CALLED WITH EVERY EVENT RECORD.
0ERROR SUBROUTINE INDICATES THAT DERIVATIVES OF COMPARTMENT AMOUNTS ARE USED.

 #PARA: PARAFILE=/usr/local/arch/nonmem/nonmem-7.3g53om20/run/mpilinux8.pnm, PROTOCOL=MPI, NODES= 12

1


 #TBLN:      1
 #METH: Importance Sampling assisted by MAP Estimation (No Prior)

 ESTIMATION STEP OMITTED:                 NO  
 ANALYSIS TYPE:                           POPULATION
 CONDITIONAL ESTIMATES USED:              YES 
 CENTERED ETA:                            NO  
 EPS-ETA INTERACTION:                     YES 
 LAPLACIAN OBJ. FUNC.:                    NO  
 NO. OF FUNCT. EVALS. ALLOWED:            5928
 NO. OF SIG. FIGURES REQUIRED:            3
 INTERMEDIATE PRINTOUT:                   YES 
 ESTIMATE OUTPUT TO MSF:                  NO  
 ABORT WITH PRED EXIT CODE 1:             NO  
 IND. OBJ. FUNC. VALUES SORTED:           NO  
 NUMERICAL DERIVATIVE 
       FILE REQUEST (NUMDER):             NONE
 MAP (ETAHAT) ESTIMATION METHOD (OPTMAP): 0           
 ETA HESSIAN EVALUATION METHOD (ETADER):  0           
 INITIAL ETA FOR MAP ESTIMATION (MCETA):  3           
 SIGDIGITS FOR MAP ESTIMATION (SIGLO):    100         
 GRADIENT SIGDIGITS OF 
       FIXED EFFECTS PARAMETERS (SIGL):   100         
 EXCLUDE TITLE (NOTITLE):                 NO 
 EXCLUDE COLUMN LABELS (NOLABEL):         NO 
 NOPRIOR SETTING (NOPRIOR):               ON 
 NOCOV SETTING (NOCOV):                   ON 
 DERCONT SETTING (DERCONT):               OFF
 ABSOLUTE TOLERANCE-ADVAN 9,13 ONLY(ATOL):-100        
 FINAL ETA RE-EVALUATION (FNLETA):        ON 
 EXCLUDE NON-INFLUENTIAL (NON-INFL.) ETAS 
       IN SHRINKAGE (ETASTYPE):           NO 
 NON-INFL. ETA CORRECTION (NONINFETA):    OFF
 FORMAT FOR ADDITIONAL FILES (FORMAT):    S1PE12.5
 PARAMETER ORDER FOR OUTPUTS (ORDER):     TSOL
 EM OR BAYESIAN METHOD USED:              IMPORTANCE SAMPLING ASSISTED BY MAP ESTIMATION (IMPMAP)
 MU MODELING PATTERN (MUM):               
 GRADIENT/GIBBS PATTERN (GRD):            
 AUTOMATIC SETTING FEATURE (AUTO):        ON 
 CONVERGENCE TYPE (CTYPE):                1           
 CONVERGENCE INTERVAL (CINTERVAL):        1           
 CONVERGENCE ITERATIONS (CITER):          15          
 CONVERGENCE ALPHA ERROR (CALPHA):        1.000000000000000E-03   
 ITERATIONS (NITER):                      100         
 STARTING SEED FOR MC METHODS (SEED):     11456       
 MC SAMPLES PER SUBJECT (ISAMPLE):        300         
 RANDOM SAMPLING METHOD (RANMETHOD):      3P
 EXPECTATION ONLY (EONLY):                NO 
 PROPOSAL DENSITY SCALING RANGE 
              (ISCALE_MIN, ISCALE_MAX):   0.100000000000000       ,10.0000000000000        
 SAMPLE ACCEPTANCE RATE (IACCEPT):        0.00000000000000        
 T-DIST. PROPOSAL DENSITY (DF):           0           
 NO. ITERATIONS FOR MAP (MAPITER):        1           
 INTERVAL ITER. FOR MAP (MAPINTER):       0           


 THE FOLLOWING LABELS ARE EQUIVALENT
 PRED=PREDI
 RES=RESI
 WRES=WRESI
 IWRS=IWRESI
 IPRD=IPREDI
 IRS=IRESI

 EM/BAYES SETUP:
 THETAS THAT ARE MU MODELED:
   4   5   6   7   9  10  11  14  15  16  17  18  19  20  21  22
 THETAS THAT ARE SIGMA-LIKE:
 

 MONITORING OF SEARCH:

 iteration            0  OBJ=   1908.1859143345609 eff.=     372. Smpl.=     300. Fit.= 0.99719
 iteration            1  OBJ=   1891.3775799056202 eff.=     107. Smpl.=     300. Fit.= 0.99255
 iteration            2  OBJ=   1903.6826189724286 eff.=      91. Smpl.=     300. Fit.= 0.99195
 iteration            3  OBJ=   1899.9531082324431 eff.=      78. Smpl.=     300. Fit.= 0.99137
 iteration            4  OBJ=   1902.2429713112679 eff.=      65. Smpl.=     300. Fit.= 0.99069
 iteration            5  OBJ=   1901.1609202355658 eff.=      54. Smpl.=     300. Fit.= 0.99007
 iteration            6  OBJ=   1890.7817185352710 eff.=      43. Smpl.=     300. Fit.= 0.98933
 iteration            7  OBJ=   1894.8530460220329 eff.=      49. Smpl.=     300. Fit.= 0.99039
 iteration            8  OBJ=   1887.6556520780637 eff.=      66. Smpl.=     300. Fit.= 0.99188
 iteration            9  OBJ=   1891.6421692157644 eff.=      81. Smpl.=     300. Fit.= 0.99328
 iteration           10  OBJ=   1892.1065590529402 eff.=      94. Smpl.=     300. Fit.= 0.99449
 iteration           11  OBJ=   1893.2541052935594 eff.=     105. Smpl.=     300. Fit.= 0.99534
 iteration           12  OBJ=   1890.8744600729156 eff.=     110. Smpl.=     300. Fit.= 0.99568
 iteration           13  OBJ=   1896.8801280536616 eff.=     114. Smpl.=     300. Fit.= 0.99602
 iteration           14  OBJ=   1896.7783766879847 eff.=     117. Smpl.=     300. Fit.= 0.99619
 iteration           15  OBJ=   1898.1088163966663 eff.=     117. Smpl.=     300. Fit.= 0.99620
 iteration           16  OBJ=   1886.9168123170102 eff.=     119. Smpl.=     300. Fit.= 0.99631
 iteration           17  OBJ=   1893.7047634378112 eff.=     119. Smpl.=     300. Fit.= 0.99634
 iteration           18  OBJ=   1898.3012094065132 eff.=     119. Smpl.=     300. Fit.= 0.99635
 iteration           19  OBJ=   1891.6687410019244 eff.=     120. Smpl.=     300. Fit.= 0.99638
 iteration           20  OBJ=   1899.8672771238034 eff.=     120. Smpl.=     300. Fit.= 0.99639
 iteration           21  OBJ=   1887.7088898479547 eff.=     122. Smpl.=     300. Fit.= 0.99642
 iteration           22  OBJ=   1897.9212660341852 eff.=     120. Smpl.=     300. Fit.= 0.99642
 iteration           23  OBJ=   1892.6443030652904 eff.=     121. Smpl.=     300. Fit.= 0.99645
 iteration           24  OBJ=   1897.4934261092981 eff.=     121. Smpl.=     300. Fit.= 0.99639
 iteration           25  OBJ=   1901.0826627312208 eff.=     121. Smpl.=     300. Fit.= 0.99644
 iteration           26  OBJ=   1893.1540355671068 eff.=     122. Smpl.=     300. Fit.= 0.99641
 iteration           27  OBJ=   1892.8915415376318 eff.=     121. Smpl.=     300. Fit.= 0.99641
 iteration           28  OBJ=   1894.0158886091644 eff.=     121. Smpl.=     300. Fit.= 0.99640
 iteration           29  OBJ=   1890.2706105016548 eff.=     121. Smpl.=     300. Fit.= 0.99640
 iteration           30  OBJ=   1898.4147636620451 eff.=     120. Smpl.=     300. Fit.= 0.99640
 iteration           31  OBJ=   1893.3907273806012 eff.=     122. Smpl.=     300. Fit.= 0.99640
 iteration           32  OBJ=   1893.0708907818853 eff.=     122. Smpl.=     300. Fit.= 0.99640
 iteration           33  OBJ=   1891.3478068835170 eff.=     121. Smpl.=     300. Fit.= 0.99638
 iteration           34  OBJ=   1903.5814433122168 eff.=     120. Smpl.=     300. Fit.= 0.99638
 iteration           35  OBJ=   1885.2667619510885 eff.=     123. Smpl.=     300. Fit.= 0.99637
 iteration           36  OBJ=   1889.5260111281268 eff.=     122. Smpl.=     300. Fit.= 0.99636
 iteration           37  OBJ=   1884.9397298463809 eff.=     122. Smpl.=     300. Fit.= 0.99635
 iteration           38  OBJ=   1889.5993050814513 eff.=     121. Smpl.=     300. Fit.= 0.99635
 iteration           39  OBJ=   1896.2652319569497 eff.=     121. Smpl.=     300. Fit.= 0.99635
 iteration           40  OBJ=   1893.8321415414546 eff.=     121. Smpl.=     300. Fit.= 0.99638
 iteration           41  OBJ=   1891.2570663422794 eff.=     121. Smpl.=     300. Fit.= 0.99636
 iteration           42  OBJ=   1899.2979823156686 eff.=     120. Smpl.=     300. Fit.= 0.99637
 iteration           43  OBJ=   1886.8457611160250 eff.=     125. Smpl.=     300. Fit.= 0.99636
 iteration           44  OBJ=   1887.0179063380501 eff.=     122. Smpl.=     300. Fit.= 0.99633
 iteration           45  OBJ=   1894.4871048523555 eff.=     120. Smpl.=     300. Fit.= 0.99638
 iteration           46  OBJ=   1889.3248760644351 eff.=     121. Smpl.=     300. Fit.= 0.99640
 iteration           47  OBJ=   1895.6986728245561 eff.=     121. Smpl.=     300. Fit.= 0.99637
 iteration           48  OBJ=   1885.2587299653253 eff.=     122. Smpl.=     300. Fit.= 0.99635
 iteration           49  OBJ=   1892.8322703607532 eff.=     121. Smpl.=     300. Fit.= 0.99638
 iteration           50  OBJ=   1893.8705633897951 eff.=     121. Smpl.=     300. Fit.= 0.99635
 iteration           51  OBJ=   1896.5370373945148 eff.=     121. Smpl.=     300. Fit.= 0.99635
 iteration           52  OBJ=   1887.4522789351940 eff.=     122. Smpl.=     300. Fit.= 0.99638
 iteration           53  OBJ=   1893.3903011417560 eff.=     121. Smpl.=     300. Fit.= 0.99635
 iteration           54  OBJ=   1894.3031773305638 eff.=     121. Smpl.=     300. Fit.= 0.99634
 iteration           55  OBJ=   1886.0337726191992 eff.=     122. Smpl.=     300. Fit.= 0.99636
 iteration           56  OBJ=   1878.8929723546992 eff.=     122. Smpl.=     300. Fit.= 0.99632
 iteration           57  OBJ=   1891.1192806791428 eff.=     120. Smpl.=     300. Fit.= 0.99632
 iteration           58  OBJ=   1894.9172688950839 eff.=     121. Smpl.=     300. Fit.= 0.99639
 iteration           59  OBJ=   1893.4648654192056 eff.=     121. Smpl.=     300. Fit.= 0.99636
 iteration           60  OBJ=   1895.8901859338889 eff.=     120. Smpl.=     300. Fit.= 0.99637
 iteration           61  OBJ=   1891.8238532422229 eff.=     121. Smpl.=     300. Fit.= 0.99637
 iteration           62  OBJ=   1891.9698517837483 eff.=     121. Smpl.=     300. Fit.= 0.99635
 iteration           63  OBJ=   1893.9071102194005 eff.=     121. Smpl.=     300. Fit.= 0.99637
 iteration           64  OBJ=   1886.3603143398689 eff.=     122. Smpl.=     300. Fit.= 0.99638
 iteration           65  OBJ=   1890.0152226410885 eff.=     121. Smpl.=     300. Fit.= 0.99641
 iteration           66  OBJ=   1899.7156331411543 eff.=     120. Smpl.=     300. Fit.= 0.99637
 iteration           67  OBJ=   1885.2324601020059 eff.=     122. Smpl.=     300. Fit.= 0.99640
 iteration           68  OBJ=   1883.9860338307644 eff.=     121. Smpl.=     300. Fit.= 0.99634
 iteration           69  OBJ=   1886.5560586808342 eff.=     121. Smpl.=     300. Fit.= 0.99636
 iteration           70  OBJ=   1882.5509740502184 eff.=     131. Smpl.=     300. Fit.= 0.99635
 iteration           71  OBJ=   1889.0291237464844 eff.=     121. Smpl.=     300. Fit.= 0.99636
 iteration           72  OBJ=   1890.1405489824861 eff.=     121. Smpl.=     300. Fit.= 0.99634
 iteration           73  OBJ=   1901.0951476041068 eff.=     120. Smpl.=     300. Fit.= 0.99635
 iteration           74  OBJ=   1889.8284164746942 eff.=     122. Smpl.=     300. Fit.= 0.99638
 iteration           75  OBJ=   1887.4464989715500 eff.=     122. Smpl.=     300. Fit.= 0.99635
 iteration           76  OBJ=   1895.4078790463750 eff.=     120. Smpl.=     300. Fit.= 0.99635
 iteration           77  OBJ=   1897.8534835013093 eff.=     121. Smpl.=     300. Fit.= 0.99639
 iteration           78  OBJ=   1895.8205521811465 eff.=     121. Smpl.=     300. Fit.= 0.99642
 iteration           79  OBJ=   1892.6337337532600 eff.=     121. Smpl.=     300. Fit.= 0.99638
 iteration           80  OBJ=   1887.7881026982959 eff.=     122. Smpl.=     300. Fit.= 0.99634
 iteration           81  OBJ=   1890.2055159278868 eff.=     121. Smpl.=     300. Fit.= 0.99634
 iteration           82  OBJ=   1897.6181221579486 eff.=     121. Smpl.=     300. Fit.= 0.99634
 iteration           83  OBJ=   1895.3438258676224 eff.=     121. Smpl.=     300. Fit.= 0.99634
 iteration           84  OBJ=   1897.9439646488602 eff.=     120. Smpl.=     300. Fit.= 0.99633
 iteration           85  OBJ=   1897.4326246534283 eff.=     121. Smpl.=     300. Fit.= 0.99633
 iteration           86  OBJ=   1897.5141077499063 eff.=     121. Smpl.=     300. Fit.= 0.99634
 iteration           87  OBJ=   1894.8625989021855 eff.=     121. Smpl.=     300. Fit.= 0.99635
 iteration           88  OBJ=   1886.7616521393516 eff.=     122. Smpl.=     300. Fit.= 0.99636
 iteration           89  OBJ=   1894.3471050781791 eff.=     121. Smpl.=     300. Fit.= 0.99633
 iteration           90  OBJ=   1899.4478502399852 eff.=     121. Smpl.=     300. Fit.= 0.99639
 iteration           91  OBJ=   1895.7834798904100 eff.=     121. Smpl.=     300. Fit.= 0.99640
 iteration           92  OBJ=   1889.4360278902382 eff.=     121. Smpl.=     300. Fit.= 0.99635
 iteration           93  OBJ=   1897.4284866720193 eff.=     120. Smpl.=     300. Fit.= 0.99635
 iteration           94  OBJ=   1893.8698513534014 eff.=     121. Smpl.=     300. Fit.= 0.99637
 iteration           95  OBJ=   1890.1550999949495 eff.=     121. Smpl.=     300. Fit.= 0.99636
 iteration           96  OBJ=   1883.9349034706911 eff.=     122. Smpl.=     300. Fit.= 0.99637
 iteration           97  OBJ=   1896.6102811638527 eff.=     120. Smpl.=     300. Fit.= 0.99632
 iteration           98  OBJ=   1891.5595298579308 eff.=     121. Smpl.=     300. Fit.= 0.99638
 iteration           99  OBJ=   1886.6887635198666 eff.=     122. Smpl.=     300. Fit.= 0.99638
 iteration          100  OBJ=   1888.8912617714695 eff.=     121. Smpl.=     300. Fit.= 0.99634

 #TERM:
 OPTIMIZATION WAS NOT COMPLETED


 ETABAR IS THE ARITHMETIC MEAN OF THE ETA-ESTIMATES,
 AND THE P-VALUE IS GIVEN FOR THE NULL HYPOTHESIS THAT THE TRUE MEAN IS 0.

 ETABAR:        -1.3161E-03 -3.1603E-05 -2.4247E-03 -5.4815E-04 -2.3806E-04  1.5059E-03 -8.5661E-03 -1.1598E-02 -3.5389E-02  3.5438E-04
                 9.6405E-06  4.4084E-05
 SE:             6.8979E-03  4.2683E-05  2.0025E-02  1.3477E-02  1.3638E-02  1.1507E-02  4.8621E-01  2.3468E-01  9.0444E-01  1.8489E-02
                 5.1248E-03  1.4892E-02
 N:                     723         723         723         723         723         723         723         723         723         723
                        723         723

 P VAL.:         8.4868E-01  4.5905E-01  9.0362E-01  9.6756E-01  9.8607E-01  8.9588E-01  9.8594E-01  9.6058E-01  9.6879E-01  9.8471E-01
                 9.9850E-01  9.9764E-01

 ETAshrink(%):   3.5130E+01  8.8515E+01  9.2738E+00  9.7219E+00  4.9042E+00  1.9690E+01  3.2118E-05  1.7005E-04  1.1634E-04  1.2029E-04
                 1.9186E-03  1.0000E-10
 EBVshrink(%):   3.5183E+01  9.2683E+01  9.1509E+00  1.0550E+01  4.6900E+00  2.0252E+01  2.8826E-08  1.2407E-07  8.3078E-09  2.0015E-05
                 2.6126E-04  3.0839E-05
 EPSshrink(%):   1.4753E+01  9.0232E+01

 #TERE:
 Elapsed estimation time in seconds:  1226.95
1
 
 
 
 
 
 
 
 
 
 
 
 
 
 
 
 
 
 
 
 
 ************************************************************************************************************************
 ********************                                                                                ********************
 ********************            IMPORTANCE SAMPLING ASSISTED BY MAP ESTIMATION (NO PRIOR)           ********************
 #OBJT:**************                        FINAL VALUE OF OBJECTIVE FUNCTION                       ********************
 ********************                                                                                ********************
 ************************************************************************************************************************
 





 #OBJV:********************************************     1888.891       **************************************************
1
 ************************************************************************************************************************
 ********************                                                                                ********************
 ********************            IMPORTANCE SAMPLING ASSISTED BY MAP ESTIMATION (NO PRIOR)           ********************
 ********************                             FINAL PARAMETER ESTIMATE                           ********************
 ********************                                                                                ********************
 ************************************************************************************************************************
 


 THETA - VECTOR OF FIXED EFFECTS PARAMETERS   *********


         TH 1      TH 2      TH 3      TH 4      TH 5      TH 6      TH 7      TH 8      TH 9      TH10      TH11      TH12     
          TH13      TH14      TH15      TH16      TH17      TH18      TH19      TH20      TH21      TH22     
 
         1.00E+00  7.50E-01  1.00E+00  1.29E+01  2.07E+02  6.58E+00  6.34E-01  1.00E+00  7.41E-01 -2.58E-01 -5.31E-01  2.43E-01
         -1.44E-01  3.11E-01  2.65E+00 -4.02E-01  4.42E+01  3.03E+01  1.19E+02  1.45E+00  1.94E-02  2.01E-01
 


 OMEGA - COV MATRIX FOR RANDOM EFFECTS - ETAS  ********


            ETA1      ETA2      ETA3      ETA4      ETA5      ETA6      ETA7      ETA8      ETA9      ET10      ET11      ET12   

 
 ETA1
+        8.19E-02
 
 ETA2
+        0.00E+00  1.00E-04
 
 ETA3
+        0.00E+00  0.00E+00  3.53E-01
 
 ETA4
+        0.00E+00  0.00E+00  1.07E-01  1.61E-01
 
 ETA5
+        0.00E+00  0.00E+00  6.44E-02  5.63E-02  1.49E-01
 
 ETA6
+        0.00E+00  0.00E+00 -8.83E-04  2.71E-02  5.16E-02  1.49E-01
 
 ETA7
+        0.00E+00  0.00E+00  1.37E+00  9.45E-01  1.15E+00 -1.51E-01  1.71E+02
 
 ETA8
+        0.00E+00  0.00E+00  1.83E+00  1.55E+00  1.84E+00  2.01E-01  2.16E+01  3.99E+01
 
 ETA9
+        0.00E+00  0.00E+00  5.56E+00  5.02E+00  5.86E+00  1.13E+00 -1.19E+02  7.99E+01  5.92E+02
 
 ET10
+        0.00E+00  0.00E+00 -5.70E-02 -2.21E-02 -1.53E-02 -1.60E-03 -2.49E-01 -1.27E-01 -1.07E-01  2.48E-01
 
 ET11
+        0.00E+00  0.00E+00 -1.43E-03  1.26E-03 -4.07E-03  3.71E-03  3.20E-02 -5.76E-02 -2.96E-01 -1.74E-03  1.90E-02
 
 ET12
+        0.00E+00  0.00E+00 -5.55E-03 -2.33E-03  3.21E-03 -3.75E-03 -1.13E+00 -1.89E-02  2.77E-01  1.69E-03 -3.89E-03  1.61E-01
 


 SIGMA - COV MATRIX FOR RANDOM EFFECTS - EPSILONS  ****


            EPS1      EPS2   
 
 EPS1
+        4.29E-02
 
1

            EPS1      EPS2   
 
 EPS2
+        0.00E+00  1.00E-07
 
1


 OMEGA - CORR MATRIX FOR RANDOM EFFECTS - ETAS  *******


            ETA1      ETA2      ETA3      ETA4      ETA5      ETA6      ETA7      ETA8      ETA9      ET10      ET11      ET12   

 
 ETA1
+        2.86E-01
 
 ETA2
+        0.00E+00  1.00E-02
 
 ETA3
+        0.00E+00  0.00E+00  5.94E-01
 
 ETA4
+        0.00E+00  0.00E+00  4.48E-01  4.02E-01
 
 ETA5
+        0.00E+00  0.00E+00  2.81E-01  3.63E-01  3.86E-01
 
 ETA6
+        0.00E+00  0.00E+00 -3.85E-03  1.75E-01  3.47E-01  3.86E-01
 
 ETA7
+        0.00E+00  0.00E+00  1.76E-01  1.80E-01  2.27E-01 -3.00E-02  1.31E+01
 
 ETA8
+        0.00E+00  0.00E+00  4.87E-01  6.11E-01  7.57E-01  8.27E-02  2.61E-01  6.31E+00
 
 ETA9
+        0.00E+00  0.00E+00  3.85E-01  5.14E-01  6.24E-01  1.21E-01 -3.74E-01  5.20E-01  2.43E+01
 
 ET10
+        0.00E+00  0.00E+00 -1.93E-01 -1.11E-01 -7.97E-02 -8.35E-03 -3.82E-02 -4.05E-02 -8.86E-03  4.98E-01
 
 ET11
+        0.00E+00  0.00E+00 -1.75E-02  2.28E-02 -7.65E-02  6.98E-02  1.77E-02 -6.62E-02 -8.81E-02 -2.53E-02  1.38E-01
 
 ET12
+        0.00E+00  0.00E+00 -2.33E-02 -1.44E-02  2.07E-02 -2.43E-02 -2.15E-01 -7.45E-03  2.84E-02  8.49E-03 -7.04E-02  4.01E-01
 


 SIGMA - CORR MATRIX FOR RANDOM EFFECTS - EPSILONS  ***


            EPS1      EPS2   
 
 EPS1
+        2.07E-01
 
 EPS2
+        0.00E+00  3.16E-04
 
 #CPUT: Total CPU Time in Seconds,    11360.396
Stop Time:
Mon Sep  7 20:33:07 CEST 2020
