Fri Jun  5 10:17:09 CEST 2020
;; 1. Based on: ../../Simulations/ModeFRX/run4-1scmplus.dir/finalModel
;; 2. Description:
;;    MATRIX=S
;; 3. Label:
;;    DAT-1, TYPE=1
;------------------------------------------------------------------------------
$PROBLEM    run 1
$INPUT      NO ID STUDYID TAD TIME DAY AMT RATE ODV DV EVID BLQ DOSE
            FOOD FORM TYPE WT HT AGE SEX RACE ETHNIC GENO SMOK AST ALT
            BILI BMI CRCL NCI NCIL RACEL RACEL1 RACEL2 RACEL3 GENO1
            GENO2 GENO3 GENO4
$DATA      DAT-1-MI-PMX-2.csv IGNORE=@ IGNORE(TYPE.EQN.2)
            IGNORE(BLQ.EQN.1)
$SUBROUTINE ADVAN2 TRANS2
$PK
;;; FRELNCIL-DEFINITION START
IF(NCIL.EQ.0.0000E+00) FRELNCIL = 1  ; Most common
IF(NCIL.EQ.1.0000E+00) FRELNCIL = ( 1 + THETA(16))
;;; FRELNCIL-DEFINITION END


;;; FRELFORM-DEFINITION START
IF(FORM.EQ.1.0000E+00) FRELFORM = 1  ; Most common
IF(FORM.EQ.0.0000E+00) FRELFORM = ( 1 + THETA(15))
;;; FRELFORM-DEFINITION END

;;; FREL-RELATION START
FRELCOV=FRELFORM*FRELNCIL
;;; FREL-RELATION END


;;; CLFOOD-DEFINITION START
IF(FOOD.EQ.1.0000E+00) CLFOOD = 1  ; Most common
IF(FOOD.EQ.0.0000E+00) CLFOOD = ( 1 + THETA(14))
;;; CLFOOD-DEFINITION END

;;; CL-RELATION START
CLCOV=CLFOOD
;;; CL-RELATION END



TVFREL  = THETA(1)
IF(GENO.EQ.1) TVFREL = TVFREL*(1+THETA(11))
IF(GENO.EQ.3) TVFREL = TVFREL*(1+THETA(12))
IF(GENO.EQ.4) TVFREL = TVFREL*(1+THETA(13))

TVFREL = FRELCOV*TVFREL

TVCL    = THETA(4) * (WT/75)**THETA(2)

IF(GENO.EQ.1) TVCL = TVCL*(1+THETA(8))
IF(GENO.EQ.3) TVCL = TVCL*(1+THETA(9))
IF(GENO.EQ.4) TVCL = TVCL*(1+THETA(10))

TVCL = CLCOV*TVCL

TVV     = THETA(5) * (WT/75)**THETA(3)
TVMAT   = THETA(6)
TVD1    = THETA(7)

FREL  = TVFREL  * EXP(ETA(2))
CL    = TVCL    * EXP(ETA(3))
V     = TVV     * EXP(ETA(4))
MAT   = TVMAT   * EXP(ETA(5))
D1    = MAT*(1-TVD1)

F1    = FREL
KA    = 1 / (MAT-D1)
S2    = V

$ERROR
CP    = A(2)*1000 / V
IPRED = LOG(CP + 0.00001)
Y     = IPRED + EPS(1) * EXP(ETA(1))

$THETA  1 FIX ; 1. TVFREL
$THETA  0.75 FIX ; 2. WT coef on TVCL
$THETA  1 FIX ; 3. WT coef on TVV
$THETA  (0,13.3) ; 4. TVCL
$THETA  (0,216) ; 5. TVV
$THETA  (0,6.43) ; 6. TVMAT
$THETA  (0,0.618,1) ; 7 TVD1
$THETA  (-1,0.737) ; GENO=1 on CL
$THETA  (-1,-0.235) ; GENO=3 on CL
$THETA  (-1,-0.51) ; GENO=4 on CL
$THETA  (-1,-0.424) ; GENO=1 on CL_
$THETA  (-1,0.309) ; GENO=3 on CL_
$THETA  (-1,2.8) ; GENO=4 on CL_
$THETA  (-1.00,0.253,3.00) ; CLFOOD1
$THETA  (-1.00,-0.144,3.00) ; FRELFORM1
$THETA  (-1.00,0.255,3.00) ; FRELNCIL1
$OMEGA  0.0259  ; 1. IIV on RUV
$OMEGA  0.251  ; 2. IIV on FREL
$OMEGA  0.0475  ; 3. IIV on CL
$OMEGA  0.154  ; 4. IIV on V
$OMEGA  0.144  ; 5. IIV on MAT
$SIGMA  0.0444  ;     1. RUV
$ESTIMATION METHOD=1 INTER ETASTYPE=1 MAXEVAL=9999 PRINT=1 NOABORT
$COVARIANCE PRINT=E MATRIX=S UNCONDITIONAL
$TABLE      NO ID STUDYID TAD TIME AMT RATE ODV DV EVID BLQ DOSE FOOD
            FORM TYPE WT HT AGE SEX RACE ETHNIC GENO SMOK AST ALT BILI
            BMI CRCL NCI NCIL RACEL RACEL2 RACEL3 GENO2 GENO3 GENO4
            CPRED CIPREDI CWRES CIWRES ETAS(1:LAST) NOPRINT ONEHEADER
            FILE=xptab1


NM-TRAN MESSAGES
  
 WARNINGS AND ERRORS (IF ANY) FOR PROBLEM    1
             
 (WARNING  2) NM-TRAN INFERS THAT THE DATA ARE POPULATION.
Note: The following floating-point exceptions are signalling: IEEE_INVALID_FLAG IEEE_DIVIDE_BY_ZERO

License Registered to: Pharmetheus AB
Expiration Date:    14 DEC 2020
Current Date:        5 JUN 2020
Days until program expires : 189
1NONLINEAR MIXED EFFECTS MODEL PROGRAM (NONMEM) VERSION 7.3.0
 ORIGINALLY DEVELOPED BY STUART BEAL, LEWIS SHEINER, AND ALISON BOECKMANN
 CURRENT DEVELOPERS ARE ROBERT BAUER, ICON DEVELOPMENT SOLUTIONS,
 AND ALISON BOECKMANN. IMPLEMENTATION, EFFICIENCY, AND STANDARDIZATION
 PERFORMED BY NOUS INFOSYSTEMS.

 PROBLEM NO.:         1
 run 1
0DATA CHECKOUT RUN:              NO
 DATA SET LOCATED ON UNIT NO.:    2
 THIS UNIT TO BE REWOUND:        NO
 NO. OF DATA RECS IN DATA SET:    33913
 NO. OF DATA ITEMS IN DATA SET:  40
 ID DATA ITEM IS DATA ITEM NO.:   2
 DEP VARIABLE IS DATA ITEM NO.:  10
 MDV DATA ITEM IS DATA ITEM NO.: 40
0INDICES PASSED TO SUBROUTINE PRED:
  11   5   7   8   0   0   0   0   0   0   0
0LABELS FOR DATA ITEMS:
 NO ID STUDYID TAD TIME DAY AMT RATE ODV DV EVID BLQ DOSE FOOD FORM TYPE WT HT AGE SEX RACE ETHNIC GENO SMOK AST ALT BILI
 BMI CRCL NCI NCIL RACEL RACEL1 RACEL2 RACEL3 GENO1 GENO2 GENO3 GENO4 MDV
0FORMAT FOR DATA:
 (3(10E7.0/),9E7.0,1F2.0)

 TOT. NO. OF OBS RECS:     6285
 TOT. NO. OF INDIVIDUALS:    755
0LENGTH OF THETA:  16
0DEFAULT THETA BOUNDARY TEST OMITTED:    NO
0OMEGA HAS SIMPLE DIAGONAL FORM WITH DIMENSION:   5
0DEFAULT OMEGA BOUNDARY TEST OMITTED:    NO
0SIGMA HAS SIMPLE DIAGONAL FORM WITH DIMENSION:   1
0DEFAULT SIGMA BOUNDARY TEST OMITTED:    NO
0INITIAL ESTIMATE OF THETA:
 LOWER BOUND    INITIAL EST    UPPER BOUND
  0.1000E+01     0.1000E+01     0.1000E+01
  0.7500E+00     0.7500E+00     0.7500E+00
  0.1000E+01     0.1000E+01     0.1000E+01
  0.0000E+00     0.1330E+02     0.1000E+07
  0.0000E+00     0.2160E+03     0.1000E+07
  0.0000E+00     0.6430E+01     0.1000E+07
  0.0000E+00     0.6180E+00     0.1000E+01
 -0.1000E+01     0.7370E+00     0.1000E+07
 -0.1000E+01    -0.2350E+00     0.1000E+07
 -0.1000E+01    -0.5100E+00     0.1000E+07
 -0.1000E+01    -0.4240E+00     0.1000E+07
 -0.1000E+01     0.3090E+00     0.1000E+07
 -0.1000E+01     0.2800E+01     0.1000E+07
 -0.1000E+01     0.2530E+00     0.3000E+01
 -0.1000E+01    -0.1440E+00     0.3000E+01
 -0.1000E+01     0.2550E+00     0.3000E+01
0INITIAL ESTIMATE OF OMEGA:
 0.2590E-01
 0.0000E+00   0.2510E+00
 0.0000E+00   0.0000E+00   0.4750E-01
 0.0000E+00   0.0000E+00   0.0000E+00   0.1540E+00
 0.0000E+00   0.0000E+00   0.0000E+00   0.0000E+00   0.1440E+00
0INITIAL ESTIMATE OF SIGMA:
 0.4440E-01
0COVARIANCE STEP OMITTED:        NO
 R MATRIX SUBSTITUTED:           NO
 S MATRIX SUBSTITUTED:          YES
 EIGENVLS. PRINTED:             YES
 SPECIAL COMPUTATION:            NO
 COMPRESSED FORMAT:              NO
 SIGDIGITS ETAHAT (SIGLO):                  -1
 SIGDIGITS GRADIENTS (SIGL):                -1
 RELATIVE TOLERANCE (TOL):                  -1
 ABSOLUTE TOLERANCE-ADVAN 9,13 ONLY (ATOL): -1
 EXCLUDE COV FOR FOCE (NOFCOV):              NO
 RESUME COV ANALYSIS (RESUME):               NO
0TABLES STEP OMITTED:    NO
 NO. OF TABLES:           1
 SEED NUMBER (SEED):    11456
 RANMETHOD:
 MC SAMPLES (ESEED):    300
 WRES SQUARE ROOT TYPE:            EIGENVALUE
0-- TABLE   1 --
 PRINTED:                NO
 HEADERS:               ONE
 FILE TO BE FORWARDED:   NO
 FORMAT:                S1PE11.4
 LFORMAT:
 RFORMAT:
0USER-CHOSEN ITEMS:
 NO ID STUDYID TAD TIME AMT RATE ODV DV EVID BLQ DOSE FOOD FORM TYPE WT HT AGE SEX RACE ETHNIC GENO SMOK AST ALT BILI BMI
 CRCL NCI NCIL RACEL RACEL2 RACEL3 GENO2 GENO3 GENO4 CPRED CIPREDI CWRES CIWRES ETA1 ETA2 ETA3 ETA4 ETA5
1DOUBLE PRECISION PREDPP VERSION 7.3.0

 ONE COMPARTMENT MODEL WITH FIRST-ORDER ABSORPTION (ADVAN2)
0MAXIMUM NO. OF BASIC PK PARAMETERS:   3
0BASIC PK PARAMETERS (AFTER TRANSLATION):
   ELIMINATION RATE (K) IS BASIC PK PARAMETER NO.:  1
   ABSORPTION RATE (KA) IS BASIC PK PARAMETER NO.:  3

 TRANSLATOR WILL CONVERT PARAMETERS
 CLEARANCE (CL) AND VOLUME (V) TO K (TRANS2)
0COMPARTMENT ATTRIBUTES
 COMPT. NO.   FUNCTION   INITIAL    ON/OFF      DOSE      DEFAULT    DEFAULT
                         STATUS     ALLOWED    ALLOWED    FOR DOSE   FOR OBS.
    1         DEPOT        OFF        YES        YES        YES        NO
    2         CENTRAL      ON         NO         YES        NO         YES
    3         OUTPUT       OFF        YES        NO         NO         NO
1
 ADDITIONAL PK PARAMETERS - ASSIGNMENT OF ROWS IN GG
 COMPT. NO.                             INDICES
              SCALE      BIOAVAIL.   ZERO-ORDER  ZERO-ORDER  ABSORB
                         FRACTION    RATE        DURATION    LAG
    1            *           5           *           4           *
    2            6           *           *           *           *
    3            *           -           -           -           -
             - PARAMETER IS NOT ALLOWED FOR THIS MODEL
             * PARAMETER IS NOT SUPPLIED BY PK SUBROUTINE;
               WILL DEFAULT TO ONE IF APPLICABLE
0DATA ITEM INDICES USED BY PRED ARE:
   EVENT ID DATA ITEM IS DATA ITEM NO.:     11
   TIME DATA ITEM IS DATA ITEM NO.:          5
   DOSE AMOUNT DATA ITEM IS DATA ITEM NO.:   7
   DOSE RATE DATA ITEM IS DATA ITEM NO.:     8

0PK SUBROUTINE CALLED WITH EVERY EVENT RECORD.
 PK SUBROUTINE NOT CALLED AT NONEVENT (ADDITIONAL OR LAGGED) DOSE TIMES.
0ERROR SUBROUTINE CALLED WITH EVERY EVENT RECORD.
0ERROR SUBROUTINE INDICATES THAT DERIVATIVES OF COMPARTMENT AMOUNTS ARE USED.

 #PARA: PARAFILE=/usr/local/arch/nonmem/nonmem-7.3g53om20/run/mpilinux8.pnm, PROTOCOL=MPI, NODES= 2

1


 #TBLN:      1
 #METH: First Order Conditional Estimation with Interaction

 ESTIMATION STEP OMITTED:                 NO  
 ANALYSIS TYPE:                           POPULATION
 CONDITIONAL ESTIMATES USED:              YES 
 CENTERED ETA:                            NO  
 EPS-ETA INTERACTION:                     YES 
 LAPLACIAN OBJ. FUNC.:                    NO  
 NO. OF FUNCT. EVALS. ALLOWED:            9999
 NO. OF SIG. FIGURES REQUIRED:            3
 INTERMEDIATE PRINTOUT:                   YES 
 ESTIMATE OUTPUT TO MSF:                  NO  
 ABORT WITH PRED EXIT CODE 1:             NO  
 IND. OBJ. FUNC. VALUES SORTED:           NO  
 NUMERICAL DERIVATIVE 
       FILE REQUEST (NUMDER):             NONE
 MAP (ETAHAT) ESTIMATION METHOD (OPTMAP): 0           
 ETA HESSIAN EVALUATION METHOD (ETADER):  0           
 INITIAL ETA FOR MAP ESTIMATION (MCETA):  0           
 SIGDIGITS FOR MAP ESTIMATION (SIGLO):    100         
 GRADIENT SIGDIGITS OF 
       FIXED EFFECTS PARAMETERS (SIGL):   100         
 EXCLUDE TITLE (NOTITLE):                 NO 
 EXCLUDE COLUMN LABELS (NOLABEL):         NO 
 NOPRIOR SETTING (NOPRIOR):               OFF
 NOCOV SETTING (NOCOV):                   OFF
 DERCONT SETTING (DERCONT):               OFF
 ABSOLUTE TOLERANCE-ADVAN 9,13 ONLY(ATOL):-100        
 FINAL ETA RE-EVALUATION (FNLETA):        ON 
 EXCLUDE NON-INFLUENTIAL (NON-INFL.) ETAS 
       IN SHRINKAGE (ETASTYPE):           YES
 NON-INFL. ETA CORRECTION (NONINFETA):    OFF
 FORMAT FOR ADDITIONAL FILES (FORMAT):    S1PE12.5
 PARAMETER ORDER FOR OUTPUTS (ORDER):     TSOL
 ADDITIONAL CONVERGENCE TEST (CTYPE=4)?:  NO
 EM OR BAYESIAN METHOD USED:                NONE


 THE FOLLOWING LABELS ARE EQUIVALENT
 PRED=PREDI
 RES=RESI
 WRES=WRESI
 IWRS=IWRESI
 IPRD=IPREDI
 IRS=IRESI

 MONITORING OF SEARCH:


0ITERATION NO.:    0    OBJECTIVE VALUE:  -7317.22258389422        NO. OF FUNC. EVALS.:  16
 CUMULATIVE NO. OF FUNC. EVALS.:       16
 NPARAMETR:  1.3300E+01  2.1600E+02  6.4300E+00  6.1800E-01  7.3700E-01 -2.3500E-01 -5.1000E-01 -4.2400E-01  3.0900E-01  2.8000E+00
             2.5300E-01 -1.4400E-01  2.5500E-01  2.5900E-02  2.5100E-01  4.7500E-02  1.5400E-01  1.4400E-01  4.4400E-02
 PARAMETER:  1.0000E-01  1.0000E-01  1.0000E-01  1.0000E-01  1.0000E-01  1.0000E-01  1.0000E-01  1.0000E-01  1.0000E-01  1.0000E-01
             1.0000E-01  1.0000E-01  1.0000E-01  1.0000E-01  1.0000E-01  1.0000E-01  1.0000E-01  1.0000E-01  1.0000E-01
 GRADIENT:   4.1225E+01  9.8978E+00  1.0355E+01  1.0897E+00  1.7369E+00  4.0953E+00  1.4461E+00 -3.9458E-02  3.5644E-01  1.5802E-01
             8.6979E+00  4.7323E+00 -1.3094E-01  2.0834E-01  1.3981E+00  2.4700E-02 -8.7020E-01 -9.3104E-01  9.2482E-01

0ITERATION NO.:    1    OBJECTIVE VALUE:  -7317.23325605023        NO. OF FUNC. EVALS.:  20
 CUMULATIVE NO. OF FUNC. EVALS.:       36
 NPARAMETR:  1.3280E+01  2.1592E+02  6.4276E+00  6.1799E-01  7.3689E-01 -2.3511E-01 -5.1003E-01 -4.2400E-01  3.0898E-01  2.8000E+00
             2.5273E-01 -1.4412E-01  2.5500E-01  2.5900E-02  2.5097E-01  4.7500E-02  1.5401E-01  1.4401E-01  4.4397E-02
 PARAMETER:  9.8487E-02  9.9637E-02  9.9620E-02  9.9960E-02  9.9936E-02  9.9850E-02  9.9947E-02  1.0000E-01  9.9987E-02  9.9994E-02
             9.9681E-02  9.9826E-02  1.0000E-01  9.9992E-02  9.9949E-02  9.9999E-02  1.0003E-01  1.0003E-01  9.9966E-02
 GRADIENT:   2.8896E+01  1.5393E+01  8.5885E+00  1.4263E+00  5.1110E-01  2.8214E+00  9.4236E-01  1.4621E-02  1.0875E+00  4.8257E-01
             3.2774E+00  4.5939E+00  5.9039E-01  4.3992E-01  1.2963E+00 -3.7888E-01 -2.3198E+00 -1.0454E+00  1.1775E+00

0ITERATION NO.:    2    OBJECTIVE VALUE:  -7317.23356365672        NO. OF FUNC. EVALS.:  21
 CUMULATIVE NO. OF FUNC. EVALS.:       57
 NPARAMETR:  1.3275E+01  2.1588E+02  6.4269E+00  6.1799E-01  7.3688E-01 -2.3514E-01 -5.1003E-01 -4.2400E-01  3.0896E-01  2.8000E+00
             2.5269E-01 -1.4416E-01  2.5500E-01  2.5899E-02  2.5097E-01  4.7500E-02  1.5402E-01  1.4401E-01  4.4396E-02
 PARAMETER:  9.8117E-02  9.9440E-02  9.9510E-02  9.9942E-02  9.9930E-02  9.9814E-02  9.9935E-02  1.0000E-01  9.9973E-02  9.9988E-02
             9.9639E-02  9.9768E-02  9.9997E-02  9.9987E-02  9.9932E-02  1.0000E-01  1.0006E-01  1.0005E-01  9.9951E-02
 GRADIENT:   2.6536E+01  1.6112E+01  7.9107E+00  1.4736E+00  2.8889E-01  2.5787E+00  8.4399E-01  3.6093E-02  1.2589E+00  5.5959E-01
             2.3790E+00  4.3914E+00  7.5935E-01  4.7208E-01  1.2665E+00 -4.4335E-01 -2.5385E+00 -1.0369E+00  1.1183E+00

0ITERATION NO.:    3    OBJECTIVE VALUE:  -7317.23606120977        NO. OF FUNC. EVALS.:  20
 CUMULATIVE NO. OF FUNC. EVALS.:       77
 NPARAMETR:  1.3270E+01  2.1568E+02  6.4261E+00  6.1797E-01  7.3698E-01 -2.3516E-01 -5.1003E-01 -4.2400E-01  3.0882E-01  2.7998E+00
             2.5286E-01 -1.4424E-01  2.5492E-01  2.5898E-02  2.5094E-01  4.7504E-02  1.5407E-01  1.4403E-01  4.4393E-02
 PARAMETER:  9.7772E-02  9.8529E-02  9.9399E-02  9.9864E-02  9.9990E-02  9.9784E-02  9.9931E-02  9.9993E-02  9.9864E-02  9.9939E-02
             9.9832E-02  9.9649E-02  9.9910E-02  9.9956E-02  9.9889E-02  1.0004E-01  1.0024E-01  1.0009E-01  9.9923E-02
 GRADIENT:   2.8857E+01  1.2369E+01  6.5812E+00  1.7945E+00  9.4688E-01  2.8040E+00  9.1162E-01  1.9079E-01  1.3621E+00  6.1637E-01
             4.5562E+00  3.6876E+00  8.6223E-01  2.5276E-01  1.2324E+00 -1.5611E-01 -1.3874E+00 -6.7842E-01  3.5838E-01

0ITERATION NO.:    4    OBJECTIVE VALUE:  -7317.23792379350        NO. OF FUNC. EVALS.:  20
 CUMULATIVE NO. OF FUNC. EVALS.:       97
 NPARAMETR:  1.3264E+01  2.1552E+02  6.4307E+00  6.1789E-01  7.3692E-01 -2.3519E-01 -5.1003E-01 -4.2406E-01  3.0833E-01  2.7991E+00
             2.5282E-01 -1.4413E-01  2.5464E-01  2.5898E-02  2.5091E-01  4.7504E-02  1.5407E-01  1.4400E-01  4.4420E-02
 PARAMETER:  9.7283E-02  9.7790E-02  1.0010E-01  9.9531E-02  9.9954E-02  9.9754E-02  9.9948E-02  9.9895E-02  9.9490E-02  9.9767E-02
             9.9787E-02  9.9807E-02  9.9585E-02  9.9969E-02  9.9825E-02  1.0004E-01  1.0024E-01  1.0002E-01  1.0023E-01
 GRADIENT:   2.7322E+01  1.2141E+01  1.0795E+01  6.4765E-01  1.0823E+00  2.7859E+00  8.5577E-01  2.6241E-01  1.4092E+00  6.8633E-01
             4.3757E+00  5.9370E+00  9.4171E-01  5.0932E-01  1.1774E+00 -6.9359E-02 -1.0463E+00 -5.6057E-01  3.8272E+00

0ITERATION NO.:    5    OBJECTIVE VALUE:  -7317.23793884941        NO. OF FUNC. EVALS.:  22
 CUMULATIVE NO. OF FUNC. EVALS.:      119
 NPARAMETR:  1.3264E+01  2.1551E+02  6.4310E+00  6.1788E-01  7.3687E-01 -2.3519E-01 -5.1002E-01 -4.2408E-01  3.0820E-01  2.7989E+00
             2.5279E-01 -1.4415E-01  2.5457E-01  2.5898E-02  2.5091E-01  4.7503E-02  1.5406E-01  1.4399E-01  4.4415E-02
 PARAMETER:  9.7257E-02  9.7720E-02  1.0015E-01  9.9492E-02  9.9927E-02  9.9750E-02  9.9956E-02  9.9863E-02  9.9390E-02  9.9719E-02
             9.9750E-02  9.9775E-02  9.9495E-02  9.9966E-02  9.9815E-02  1.0003E-01  1.0020E-01  9.9982E-02  1.0017E-01
 GRADIENT:   2.7372E+01  1.2119E+01  1.1050E+01  5.2640E-01  1.0652E+00  2.8283E+00  8.6583E-01  2.5594E-01  1.3699E+00  6.7901E-01
             4.1999E+00  5.5781E+00  9.1335E-01  4.5963E-01  1.1471E+00 -8.7479E-02 -1.1028E+00 -6.1455E-01  3.1960E+00

0ITERATION NO.:    6    OBJECTIVE VALUE:  -7317.23793884941        NO. OF FUNC. EVALS.:  36
 CUMULATIVE NO. OF FUNC. EVALS.:      155
 NPARAMETR:  1.3264E+01  2.1551E+02  6.4310E+00  6.1788E-01  7.3687E-01 -2.3519E-01 -5.1002E-01 -4.2408E-01  3.0820E-01  2.7989E+00
             2.5279E-01 -1.4415E-01  2.5457E-01  2.5898E-02  2.5091E-01  4.7503E-02  1.5406E-01  1.4399E-01  4.4415E-02
 PARAMETER:  9.7257E-02  9.7720E-02  1.0015E-01  9.9492E-02  9.9927E-02  9.9750E-02  9.9956E-02  9.9863E-02  9.9390E-02  9.9719E-02
             9.9750E-02  9.9775E-02  9.9495E-02  9.9966E-02  9.9815E-02  1.0003E-01  1.0020E-01  9.9982E-02  1.0017E-01
 GRADIENT:  -1.4657E-01 -4.2723E-01 -9.6645E-01  1.8231E-01 -2.7579E-01  3.9394E-01  5.4284E-02 -1.9554E-01 -2.7031E-01  1.1380E-02
            -3.3046E+00  2.5619E+00 -1.8722E-01  4.5963E-01  1.1471E+00 -8.7479E-02 -1.1028E+00 -6.1455E-01  1.9370E+00

0ITERATION NO.:    7    OBJECTIVE VALUE:  -7317.23950934789        NO. OF FUNC. EVALS.:  34
 CUMULATIVE NO. OF FUNC. EVALS.:      189
 NPARAMETR:  1.3261E+01  2.1560E+02  6.4320E+00  6.1788E-01  7.3692E-01 -2.3530E-01 -5.1003E-01 -4.2406E-01  3.0831E-01  2.7989E+00
             2.5343E-01 -1.4438E-01  2.5461E-01  2.5895E-02  2.5078E-01  4.7504E-02  1.5413E-01  1.4404E-01  4.4414E-02
 PARAMETER:  9.7091E-02  9.8148E-02  1.0031E-01  9.9505E-02  9.9952E-02  9.9609E-02  9.9931E-02  9.9902E-02  9.9472E-02  9.9715E-02
             1.0050E-01  9.9434E-02  9.9549E-02  9.9903E-02  9.9558E-02  1.0004E-01  1.0041E-01  1.0014E-01  1.0016E-01
 GRADIENT:  -1.4607E+00  1.2460E+00  1.0736E+00  2.1161E-01 -2.2402E-01  1.9025E-01  3.0714E-02 -1.7959E-01 -2.6497E-01 -1.6117E-02
             6.8634E-01 -1.1992E+00 -2.1039E-01  4.2537E-01  7.1853E-01 -1.3740E-01 -9.9601E-01 -4.5517E-01  1.6480E+00

0ITERATION NO.:    8    OBJECTIVE VALUE:  -7317.23988048131        NO. OF FUNC. EVALS.:  34
 CUMULATIVE NO. OF FUNC. EVALS.:      223
 NPARAMETR:  1.3261E+01  2.1562E+02  6.4320E+00  6.1787E-01  7.3695E-01 -2.3537E-01 -5.1004E-01 -4.2403E-01  3.0841E-01  2.7989E+00
             2.5348E-01 -1.4427E-01  2.5466E-01  2.5891E-02  2.5067E-01  4.7505E-02  1.5419E-01  1.4407E-01  4.4402E-02
 PARAMETER:  9.7094E-02  9.8261E-02  1.0031E-01  9.9448E-02  9.9970E-02  9.9510E-02  9.9911E-02  9.9941E-02  9.9547E-02  9.9718E-02
             1.0056E-01  9.9597E-02  9.9606E-02  9.9829E-02  9.9350E-02  1.0005E-01  1.0061E-01  1.0026E-01  1.0003E-01
 GRADIENT:  -1.8451E+00  1.3464E+00  1.3583E+00  3.2681E-01 -7.8723E-02  4.3366E-02  1.3212E-02 -1.3510E-01 -1.7833E-01 -4.2335E-03
             9.9068E-01  6.8686E-01 -1.6470E-01  2.1479E-01  3.7519E-01 -1.2522E-01 -6.7442E-01 -2.4822E-01 -4.1248E-02

0ITERATION NO.:    9    OBJECTIVE VALUE:  -7317.24039175935        NO. OF FUNC. EVALS.:  34
 CUMULATIVE NO. OF FUNC. EVALS.:      257
 NPARAMETR:  1.3263E+01  2.1566E+02  6.4316E+00  6.1781E-01  7.3695E-01 -2.3552E-01 -5.1007E-01 -4.2398E-01  3.0862E-01  2.7989E+00
             2.5335E-01 -1.4433E-01  2.5478E-01  2.5884E-02  2.5046E-01  4.7509E-02  1.5431E-01  1.4414E-01  4.4408E-02
 PARAMETER:  9.7232E-02  9.8427E-02  1.0025E-01  9.9206E-02  9.9969E-02  9.9314E-02  9.9864E-02  1.0003E-01  9.9712E-02  9.9723E-02
             1.0041E-01  9.9503E-02  9.9739E-02  9.9691E-02  9.8917E-02  1.0009E-01  1.0102E-01  1.0050E-01  1.0009E-01
 GRADIENT:  -1.4440E+00  1.2565E+00  1.4028E+00  1.1894E-01  7.4680E-04 -1.4826E-01  2.8003E-02 -1.2029E-01 -6.3580E-02 -1.9199E-02
             1.2007E-01 -4.2090E-01 -1.4904E-01  2.0654E-01 -3.7100E-01 -1.6029E-01 -2.4989E-01  1.5167E-01  5.9634E-01

0ITERATION NO.:   10    OBJECTIVE VALUE:  -7317.24054065800        NO. OF FUNC. EVALS.:  34
 CUMULATIVE NO. OF FUNC. EVALS.:      291
 NPARAMETR:  1.3264E+01  2.1568E+02  6.4310E+00  6.1773E-01  7.3672E-01 -2.3556E-01 -5.1010E-01 -4.2392E-01  3.0877E-01  2.7990E+00
             2.5339E-01 -1.4433E-01  2.5492E-01  2.5876E-02  2.5051E-01  4.7516E-02  1.5436E-01  1.4412E-01  4.4408E-02
 PARAMETER:  9.7282E-02  9.8517E-02  1.0016E-01  9.8835E-02  9.9841E-02  9.9267E-02  9.9791E-02  1.0014E-01  9.9821E-02  9.9744E-02
             1.0045E-01  9.9515E-02  9.9909E-02  9.9546E-02  9.9013E-02  1.0017E-01  1.0116E-01  1.0042E-01  1.0009E-01
 GRADIENT:  -1.3008E+00  1.1822E+00  1.2269E+00 -4.2524E-01 -1.8020E-01 -1.8657E-01  2.1533E-02 -1.1872E-01 -6.6740E-03 -1.1008E-02
             3.7405E-01 -3.3907E-01 -9.8176E-02  2.0353E-01 -1.6187E-01 -1.2271E-01 -3.1082E-01  8.4496E-02  5.9911E-01

0ITERATION NO.:   11    OBJECTIVE VALUE:  -7317.24058931037        NO. OF FUNC. EVALS.:  34
 CUMULATIVE NO. OF FUNC. EVALS.:      325
 NPARAMETR:  1.3264E+01  2.1569E+02  6.4311E+00  6.1773E-01  7.3672E-01 -2.3554E-01 -5.1014E-01 -4.2385E-01  3.0883E-01  2.7991E+00
             2.5337E-01 -1.4434E-01  2.5504E-01  2.5869E-02  2.5054E-01  4.7523E-02  1.5440E-01  1.4409E-01  4.4408E-02
 PARAMETER:  9.7303E-02  9.8570E-02  1.0017E-01  9.8867E-02  9.9836E-02  9.9297E-02  9.9719E-02  1.0026E-01  9.9870E-02  9.9760E-02
             1.0043E-01  9.9501E-02  1.0005E-01  9.9404E-02  9.9091E-02  1.0024E-01  1.0130E-01  1.0031E-01  1.0010E-01
 GRADIENT:  -1.3538E+00  1.2110E+00  1.4185E+00 -2.6588E-01 -1.0023E-01 -1.9988E-01 -8.3845E-03 -7.7271E-02  3.8920E-03  3.1530E-03
             2.4038E-01 -4.3965E-01 -5.9713E-02  1.1449E-01  1.1788E-03 -2.8258E-02 -8.5049E-02  3.1536E-03  4.5790E-01

0ITERATION NO.:   12    OBJECTIVE VALUE:  -7317.24061353552        NO. OF FUNC. EVALS.:  33
 CUMULATIVE NO. OF FUNC. EVALS.:      358
 NPARAMETR:  1.3264E+01  2.1569E+02  6.4311E+00  6.1774E-01  7.3662E-01 -2.3542E-01 -5.1019E-01 -4.2374E-01  3.0888E-01  2.7991E+00
             2.5338E-01 -1.4433E-01  2.5522E-01  2.5859E-02  2.5048E-01  4.7522E-02  1.5438E-01  1.4405E-01  4.4411E-02
 PARAMETER:  9.7318E-02  9.8575E-02  1.0017E-01  9.8882E-02  9.9783E-02  9.9451E-02  9.9611E-02  1.0046E-01  9.9907E-02  9.9774E-02
             1.0044E-01  9.9508E-02  1.0026E-01  9.9216E-02  9.8957E-02  1.0023E-01  1.0124E-01  1.0018E-01  1.0012E-01
 GRADIENT:  -1.3438E+00  1.1859E+00  1.3310E+00 -2.5458E-01 -1.7927E-01 -9.1455E-02 -4.5307E-02 -4.3546E-02 -3.3290E-02  2.5099E-02
             2.9973E-01 -3.8142E-01 -4.3162E-04  6.7887E-02 -2.4753E-01 -9.1921E-02 -1.9316E-01 -1.8222E-01  5.4764E-01

0ITERATION NO.:   13    OBJECTIVE VALUE:  -7317.24062507899        NO. OF FUNC. EVALS.:  33
 CUMULATIVE NO. OF FUNC. EVALS.:      391
 NPARAMETR:  1.3265E+01  2.1569E+02  6.4312E+00  6.1774E-01  7.3665E-01 -2.3537E-01 -5.1021E-01 -4.2366E-01  3.0895E-01  2.7991E+00
             2.5337E-01 -1.4433E-01  2.5532E-01  2.5855E-02  2.5049E-01  4.7522E-02  1.5436E-01  1.4408E-01  4.4411E-02
 PARAMETER:  9.7333E-02  9.8583E-02  1.0018E-01  9.8893E-02  9.9798E-02  9.9516E-02  9.9563E-02  1.0059E-01  9.9961E-02  9.9754E-02
             1.0043E-01  9.9505E-02  1.0037E-01  9.9133E-02  9.8987E-02  1.0023E-01  1.0116E-01  1.0029E-01  1.0012E-01
 GRADIENT:  -1.3488E+00  1.1768E+00  1.3753E+00 -2.6028E-01 -1.8888E-01 -6.7934E-02 -5.8071E-02 -2.2810E-02 -3.1275E-02  2.7841E-02
             2.7668E-01 -4.0670E-01  3.4416E-02  3.5486E-02 -1.9458E-01 -9.2406E-02 -2.2742E-01 -5.4747E-02  5.0332E-01

0ITERATION NO.:   14    OBJECTIVE VALUE:  -7317.24063294082        NO. OF FUNC. EVALS.:  32
 CUMULATIVE NO. OF FUNC. EVALS.:      423
 NPARAMETR:  1.3265E+01  2.1570E+02  6.4312E+00  6.1773E-01  7.3686E-01 -2.3539E-01 -5.1022E-01 -4.2358E-01  3.0909E-01  2.7988E+00
             2.5337E-01 -1.4433E-01  2.5534E-01  2.5856E-02  2.5049E-01  4.7522E-02  1.5434E-01  1.4408E-01  4.4411E-02
 PARAMETER:  9.7343E-02  9.8591E-02  1.0018E-01  9.8877E-02  9.9920E-02  9.9496E-02  9.9561E-02  1.0073E-01  1.0007E-01  9.9680E-02
             1.0043E-01  9.9503E-02  1.0040E-01  9.9158E-02  9.8986E-02  1.0023E-01  1.0109E-01  1.0026E-01  1.0012E-01
 GRADIENT:  -1.3432E+00  1.1593E+00  1.3937E+00 -2.5928E-01 -1.5743E-01 -1.2930E-01 -4.3292E-02 -1.6882E-02  2.5135E-02  1.0120E-02
             2.6654E-01 -4.1540E-01  4.8402E-02  3.6916E-02 -1.9993E-01 -9.9638E-02 -2.5950E-01 -9.1992E-02  4.8082E-01

0ITERATION NO.:   15    OBJECTIVE VALUE:  -7317.24063994196        NO. OF FUNC. EVALS.:  32
 CUMULATIVE NO. OF FUNC. EVALS.:      455
 NPARAMETR:  1.3265E+01  2.1570E+02  6.4310E+00  6.1772E-01  7.3707E-01 -2.3531E-01 -5.1023E-01 -4.2348E-01  3.0913E-01  2.7985E+00
             2.5337E-01 -1.4433E-01  2.5531E-01  2.5860E-02  2.5049E-01  4.7524E-02  1.5434E-01  1.4408E-01  4.4410E-02
 PARAMETER:  9.7336E-02  9.8619E-02  1.0016E-01  9.8829E-02  1.0004E-01  9.9591E-02  9.9541E-02  1.0091E-01  1.0010E-01  9.9607E-02
             1.0043E-01  9.9504E-02  1.0035E-01  9.9221E-02  9.8982E-02  1.0026E-01  1.0109E-01  1.0026E-01  1.0012E-01
 GRADIENT:  -1.3380E+00  1.1640E+00  1.3664E+00 -2.7551E-01 -1.2855E-01 -6.8672E-02 -4.0312E-02 -5.2181E-03 -3.8961E-03 -2.9175E-04
             2.6889E-01 -4.0615E-01  3.5453E-02  5.2959E-02 -1.9969E-01 -9.0546E-02 -2.3241E-01 -8.2049E-02  4.8215E-01

0ITERATION NO.:   16    OBJECTIVE VALUE:  -7317.24064219487        NO. OF FUNC. EVALS.:  32
 CUMULATIVE NO. OF FUNC. EVALS.:      487
 NPARAMETR:  1.3265E+01  2.1570E+02  6.4310E+00  6.1773E-01  7.3701E-01 -2.3533E-01 -5.1025E-01 -4.2340E-01  3.0914E-01  2.7985E+00
             2.5337E-01 -1.4433E-01  2.5524E-01  2.5862E-02  2.5049E-01  4.7525E-02  1.5434E-01  1.4408E-01  4.4410E-02
 PARAMETER:  9.7340E-02  9.8612E-02  1.0016E-01  9.8840E-02  1.0000E-01  9.9570E-02  9.9482E-02  1.0104E-01  1.0011E-01  9.9604E-02
             1.0043E-01  9.9504E-02  1.0028E-01  9.9259E-02  9.8981E-02  1.0027E-01  1.0109E-01  1.0026E-01  1.0011E-01
 GRADIENT:  -1.3248E+00  1.1515E+00  1.3554E+00 -2.6442E-01 -1.5237E-01 -8.0899E-02 -5.8085E-02  1.5079E-02  3.1387E-03  9.8346E-03
             2.6527E-01 -4.0151E-01  1.8910E-02  6.4723E-02 -1.9771E-01 -9.0222E-02 -2.3094E-01 -8.0467E-02  4.7799E-01

0ITERATION NO.:   17    OBJECTIVE VALUE:  -7317.24067304266        NO. OF FUNC. EVALS.:  31
 CUMULATIVE NO. OF FUNC. EVALS.:      518
 NPARAMETR:  1.3264E+01  2.1569E+02  6.4308E+00  6.1772E-01  7.3705E-01 -2.3545E-01 -5.1022E-01 -4.2331E-01  3.0884E-01  2.7978E+00
             2.5336E-01 -1.4433E-01  2.5508E-01  2.5848E-02  2.5049E-01  4.7531E-02  1.5432E-01  1.4408E-01  4.4412E-02
 PARAMETER:  9.7323E-02  9.8576E-02  1.0012E-01  9.8820E-02  1.0003E-01  9.9411E-02  9.9546E-02  1.0119E-01  9.9880E-02  9.9433E-02
             1.0042E-01  9.9511E-02  1.0010E-01  9.8997E-02  9.8983E-02  1.0033E-01  1.0103E-01  1.0027E-01  1.0014E-01
 GRADIENT:  -1.1921E+00  1.0542E+00  1.1581E+00 -2.2354E-01 -1.3329E-01 -1.0344E-01 -1.3773E-03  3.5486E-02 -3.9457E-02 -3.5409E-02
             2.5633E-01 -3.2548E-01 -2.9148E-02 -2.7345E-02 -1.7345E-01 -7.8619E-02 -2.1870E-01 -6.8544E-02  4.9568E-01

0ITERATION NO.:   18    OBJECTIVE VALUE:  -7317.24082684790        NO. OF FUNC. EVALS.:  32
 CUMULATIVE NO. OF FUNC. EVALS.:      550
 NPARAMETR:  1.3265E+01  2.1568E+02  6.4303E+00  6.1772E-01  7.3733E-01 -2.3563E-01 -5.1042E-01 -4.2342E-01  3.0839E-01  2.7977E+00
             2.5332E-01 -1.4432E-01  2.5532E-01  2.5860E-02  2.5049E-01  4.7553E-02  1.5429E-01  1.4408E-01  4.4409E-02
 PARAMETER:  9.7391E-02  9.8516E-02  1.0005E-01  9.8828E-02  1.0019E-01  9.9180E-02  9.9146E-02  1.0101E-01  9.9538E-02  9.9404E-02
             1.0037E-01  9.9528E-02  1.0037E-01  9.9229E-02  9.8988E-02  1.0056E-01  1.0095E-01  1.0028E-01  1.0010E-01
 GRADIENT:  -5.9652E-01  5.3637E-01  5.5698E-01 -1.2950E-01  2.2506E-03 -1.0468E-01 -1.0757E-01  2.5466E-03 -9.1874E-02  3.1261E-02
             1.1225E-01 -1.5417E-01  2.0222E-02  1.0432E-02 -9.1118E-02 -1.8116E-02 -1.4232E-01 -3.6145E-02  2.4058E-01

0ITERATION NO.:   19    OBJECTIVE VALUE:  -7317.24090586606        NO. OF FUNC. EVALS.:  31
 CUMULATIVE NO. OF FUNC. EVALS.:      581
 NPARAMETR:  1.3266E+01  2.1567E+02  6.4302E+00  6.1775E-01  7.3686E-01 -2.3550E-01 -5.1030E-01 -4.2348E-01  3.0870E-01  2.7970E+00
             2.5329E-01 -1.4431E-01  2.5540E-01  2.5868E-02  2.5051E-01  4.7554E-02  1.5433E-01  1.4409E-01  4.4407E-02
 PARAMETER:  9.7417E-02  9.8477E-02  1.0003E-01  9.8929E-02  9.9922E-02  9.9346E-02  9.9378E-02  1.0089E-01  9.9773E-02  9.9219E-02
             1.0034E-01  9.9539E-02  1.0046E-01  9.9386E-02  9.9014E-02  1.0057E-01  1.0106E-01  1.0030E-01  1.0007E-01
 GRADIENT:  -2.6639E-01  2.3518E-01  2.2304E-01 -3.6036E-02 -6.9691E-02 -4.5090E-02  2.2339E-02  2.2118E-02 -4.7527E-02 -5.5924E-02
             2.5882E-02 -5.6981E-02  5.4720E-02  5.1799E-02 -4.2297E-02  1.5672E-02 -5.2935E-02 -1.4484E-02  9.6948E-02

0ITERATION NO.:   20    OBJECTIVE VALUE:  -7317.24094508295        NO. OF FUNC. EVALS.:  31
 CUMULATIVE NO. OF FUNC. EVALS.:      612
 NPARAMETR:  1.3266E+01  2.1567E+02  6.4300E+00  6.1775E-01  7.3692E-01 -2.3534E-01 -5.1031E-01 -4.2359E-01  3.0919E-01  2.7977E+00
             2.5328E-01 -1.4431E-01  2.5520E-01  2.5860E-02  2.5053E-01  4.7537E-02  1.5434E-01  1.4409E-01  4.4407E-02
 PARAMETER:  9.7427E-02  9.8482E-02  1.0001E-01  9.8928E-02  9.9956E-02  9.9557E-02  9.9360E-02  1.0072E-01  1.0014E-01  9.9402E-02
             1.0033E-01  9.9543E-02  1.0023E-01  9.9228E-02  9.9064E-02  1.0039E-01  1.0111E-01  1.0030E-01  1.0008E-01
 GRADIENT:  -8.9533E-02  7.8340E-02  4.4466E-02 -1.5898E-02 -1.5875E-02 -8.7539E-04 -1.9017E-02 -1.4517E-02  1.3706E-02 -1.5092E-02
            -1.5603E-02 -8.4136E-03 -1.4892E-02 -9.4424E-03 -1.1506E-02  3.9544E-03 -2.7129E-02 -4.2278E-03  2.3069E-02

0ITERATION NO.:   21    OBJECTIVE VALUE:  -7317.24094907849        NO. OF FUNC. EVALS.:  32
 CUMULATIVE NO. OF FUNC. EVALS.:      644
 NPARAMETR:  1.3266E+01  2.1567E+02  6.4300E+00  6.1774E-01  7.3698E-01 -2.3535E-01 -5.1025E-01 -4.2354E-01  3.0915E-01  2.7984E+00
             2.5328E-01 -1.4431E-01  2.5522E-01  2.5861E-02  2.5055E-01  4.7523E-02  1.5435E-01  1.4409E-01  4.4407E-02
 PARAMETER:  9.7433E-02  9.8492E-02  1.0000E-01  9.8920E-02  9.9986E-02  9.9545E-02  9.9486E-02  1.0079E-01  1.0012E-01  9.9574E-02
             1.0032E-01  9.9543E-02  1.0025E-01  9.9244E-02  9.9094E-02  1.0025E-01  1.0113E-01  1.0030E-01  1.0008E-01
 GRADIENT:  -6.9586E-02  6.0388E-02  2.5680E-02 -1.4511E-02 -1.1302E-02 -2.4144E-03 -8.9405E-03 -6.5831E-03  7.0513E-03 -4.8546E-03
            -2.1261E-02 -3.3061E-03 -9.8239E-03 -6.9631E-03 -5.7986E-03 -1.0246E-02 -2.0203E-02 -3.7395E-03  1.2168E-02

0ITERATION NO.:   22    OBJECTIVE VALUE:  -7317.24094962840        NO. OF FUNC. EVALS.:  33
 CUMULATIVE NO. OF FUNC. EVALS.:      677
 NPARAMETR:  1.3266E+01  2.1568E+02  6.4300E+00  6.1774E-01  7.3699E-01 -2.3534E-01 -5.1022E-01 -4.2353E-01  3.0917E-01  2.7988E+00
             2.5328E-01 -1.4431E-01  2.5521E-01  2.5861E-02  2.5054E-01  4.7533E-02  1.5434E-01  1.4409E-01  4.4407E-02
 PARAMETER:  9.7435E-02  9.8497E-02  1.0000E-01  9.8920E-02  9.9996E-02  9.9552E-02  9.9556E-02  1.0081E-01  1.0013E-01  9.9674E-02
             1.0032E-01  9.9543E-02  1.0025E-01  9.9244E-02  9.9076E-02  1.0034E-01  1.0110E-01  1.0030E-01  1.0008E-01
 GRADIENT:  -6.5930E-02  5.6451E-02  2.4182E-02 -1.4175E-02 -1.0657E-02 -1.6326E-03 -4.1200E-03 -5.5515E-03  8.5623E-03  2.1938E-03
            -2.2441E-02 -3.5143E-03 -1.0935E-02 -7.2779E-03 -7.4864E-03  1.1450E-03 -2.2634E-02 -3.2863E-03  8.8384E-03

0ITERATION NO.:   23    OBJECTIVE VALUE:  -7317.24094962840        NO. OF FUNC. EVALS.:  28
 CUMULATIVE NO. OF FUNC. EVALS.:      705
 NPARAMETR:  1.3266E+01  2.1568E+02  6.4300E+00  6.1774E-01  7.3699E-01 -2.3534E-01 -5.1022E-01 -4.2353E-01  3.0917E-01  2.7988E+00
             2.5328E-01 -1.4431E-01  2.5521E-01  2.5861E-02  2.5054E-01  4.7533E-02  1.5434E-01  1.4409E-01  4.4407E-02
 PARAMETER:  9.7435E-02  9.8497E-02  1.0000E-01  9.8920E-02  9.9996E-02  9.9552E-02  9.9556E-02  1.0081E-01  1.0013E-01  9.9674E-02
             1.0032E-01  9.9543E-02  1.0025E-01  9.9244E-02  9.9076E-02  1.0034E-01  1.0110E-01  1.0030E-01  1.0008E-01
 GRADIENT:  -6.5930E-02  5.6451E-02  2.4182E-02 -1.4175E-02 -1.0657E-02 -1.6326E-03 -4.1200E-03 -5.5515E-03  8.5623E-03  2.1938E-03
            -2.2441E-02 -3.5143E-03 -1.0935E-02 -7.2779E-03 -7.4864E-03  1.1450E-03 -2.2634E-02 -3.2863E-03  8.8384E-03

 #TERM:
0MINIMIZATION SUCCESSFUL
 NO. OF FUNCTION EVALUATIONS USED:      705
 NO. OF SIG. DIGITS IN FINAL EST.:  3.2

 ETABAR IS THE ARITHMETIC MEAN OF THE ETA-ESTIMATES,
 AND THE P-VALUE IS GIVEN FOR THE NULL HYPOTHESIS THAT THE TRUE MEAN IS 0.

 ETABAR:        -3.9418E-02  2.0627E-02  6.8531E-03 -3.4959E-02  3.0007E-03
 SE:             3.6381E-03  1.5983E-02  4.1433E-03  9.5547E-03  1.0369E-02
 N:                     746         746         746         746         746

 P VAL.:         2.4106E-27  1.9685E-01  9.8124E-02  2.5344E-04  7.7227E-01

 ETAshrink(%):   3.8169E+01  1.2729E+01  4.8059E+01  3.3528E+01  2.5343E+01
 EBVshrink(%):   4.4986E+01  1.1320E+01  4.5101E+01  3.2014E+01  2.0942E+01
 EPSshrink(%):   9.5006E+00

 #TERE:
 Elapsed estimation time in seconds:   216.95
 Elapsed covariance time in seconds:    30.62
1
 
 
 
 
 
 
 
 
 
 
 
 
 
 
 
 
 
 
 
 
 ************************************************************************************************************************
 ********************                                                                                ********************
 ********************               FIRST ORDER CONDITIONAL ESTIMATION WITH INTERACTION              ********************
 #OBJT:**************                       MINIMUM VALUE OF OBJECTIVE FUNCTION                      ********************
 ********************                                                                                ********************
 ************************************************************************************************************************
 





 #OBJV:********************************************    -7317.241       **************************************************
1
 ************************************************************************************************************************
 ********************                                                                                ********************
 ********************               FIRST ORDER CONDITIONAL ESTIMATION WITH INTERACTION              ********************
 ********************                             FINAL PARAMETER ESTIMATE                           ********************
 ********************                                                                                ********************
 ************************************************************************************************************************
 


 THETA - VECTOR OF FIXED EFFECTS PARAMETERS   *********


         TH 1      TH 2      TH 3      TH 4      TH 5      TH 6      TH 7      TH 8      TH 9      TH10      TH11      TH12     
          TH13      TH14      TH15      TH16     
 
         1.00E+00  7.50E-01  1.00E+00  1.33E+01  2.16E+02  6.43E+00  6.18E-01  7.37E-01 -2.35E-01 -5.10E-01 -4.24E-01  3.09E-01
          2.80E+00  2.53E-01 -1.44E-01  2.55E-01
 


 OMEGA - COV MATRIX FOR RANDOM EFFECTS - ETAS  ********


            ETA1      ETA2      ETA3      ETA4      ETA5   
 
 ETA1
+        2.59E-02
 
 ETA2
+        0.00E+00  2.51E-01
 
 ETA3
+        0.00E+00  0.00E+00  4.75E-02
 
 ETA4
+        0.00E+00  0.00E+00  0.00E+00  1.54E-01
 
 ETA5
+        0.00E+00  0.00E+00  0.00E+00  0.00E+00  1.44E-01
 


 SIGMA - COV MATRIX FOR RANDOM EFFECTS - EPSILONS  ****


            EPS1   
 
 EPS1
+        4.44E-02
 
1


 OMEGA - CORR MATRIX FOR RANDOM EFFECTS - ETAS  *******


            ETA1      ETA2      ETA3      ETA4      ETA5   
 
 ETA1
+        1.61E-01
 
 ETA2
+        0.00E+00  5.01E-01
 
 ETA3
+        0.00E+00  0.00E+00  2.18E-01
 
 ETA4
+        0.00E+00  0.00E+00  0.00E+00  3.93E-01
 
 ETA5
+        0.00E+00  0.00E+00  0.00E+00  0.00E+00  3.80E-01
 


 SIGMA - CORR MATRIX FOR RANDOM EFFECTS - EPSILONS  ***


            EPS1   
 
 EPS1
+        2.11E-01
 
1
 ************************************************************************************************************************
 ********************                                                                                ********************
 ********************               FIRST ORDER CONDITIONAL ESTIMATION WITH INTERACTION              ********************
 ********************                            STANDARD ERROR OF ESTIMATE                          ********************
 ********************                                                                                ********************
 ************************************************************************************************************************
 


 THETA - VECTOR OF FIXED EFFECTS PARAMETERS   *********


         TH 1      TH 2      TH 3      TH 4      TH 5      TH 6      TH 7      TH 8      TH 9      TH10      TH11      TH12     
          TH13      TH14      TH15      TH16     
 
        ......... ......... .........  3.37E-01  8.92E+00  1.52E-01  7.42E-03  1.87E-01  5.13E-02  5.37E-02  9.92E-02  1.21E-01
          5.48E-01  9.58E-03  1.00E-02  7.98E-02
 


 OMEGA - COV MATRIX FOR RANDOM EFFECTS - ETAS  ********


            ETA1      ETA2      ETA3      ETA4      ETA5   
 
 ETA1
+        3.14E-03
 
 ETA2
+       .........  2.09E-02
 
 ETA3
+       ......... .........  1.39E-02
 
 ETA4
+       ......... ......... .........  1.70E-02
 
 ETA5
+       ......... ......... ......... .........  1.24E-02
 


 SIGMA - COV MATRIX FOR RANDOM EFFECTS - EPSILONS  ****


            EPS1   
 
 EPS1
+        1.02E-03
 
1


 OMEGA - CORR MATRIX FOR RANDOM EFFECTS - ETAS  *******


            ETA1      ETA2      ETA3      ETA4      ETA5   
 
 ETA1
+        9.77E-03
 
 ETA2
+       .........  2.09E-02
 
 ETA3
+       ......... .........  3.19E-02
 
 ETA4
+       ......... ......... .........  2.16E-02
 
 ETA5
+       ......... ......... ......... .........  1.64E-02
 


 SIGMA - CORR MATRIX FOR RANDOM EFFECTS - EPSILONS  ***


            EPS1   
 
 EPS1
+        2.43E-03
 
1
 ************************************************************************************************************************
 ********************                                                                                ********************
 ********************               FIRST ORDER CONDITIONAL ESTIMATION WITH INTERACTION              ********************
 ********************                          COVARIANCE MATRIX OF ESTIMATE                         ********************
 ********************                                                                                ********************
 ************************************************************************************************************************
 

            TH 1      TH 2      TH 3      TH 4      TH 5      TH 6      TH 7      TH 8      TH 9      TH10      TH11      TH12  
             TH13      TH14      TH15      TH16      OM11      OM12      OM13      OM14      OM15      OM22      OM23      OM24  
            OM25      OM33      OM34      OM35      OM44      OM45      OM55      SG11  
 
 TH 1
+       .........
 
 TH 2
+       ......... .........
 
 TH 3
+       ......... ......... .........
 
 TH 4
+       ......... ......... .........  1.14E-01
 
 TH 5
+       ......... ......... .........  2.06E+00  7.96E+01
 
 TH 6
+       ......... ......... ......... -1.01E-02 -7.11E-01  2.30E-02
 
 TH 7
+       ......... ......... ......... -1.91E-04 -2.37E-02  4.96E-04  5.50E-05
 
 TH 8
+       ......... ......... ......... -2.31E-03  1.71E-01  4.03E-04  2.92E-05  3.49E-02
 
 TH 9
+       ......... ......... .........  5.86E-04  1.11E-01 -1.94E-04  7.19E-06  6.80E-04  2.63E-03
 
 TH10
+       ......... ......... ......... -9.17E-05  6.72E-02 -3.60E-04  7.04E-06  7.32E-04  2.17E-04  2.89E-03
 
 TH11
+       ......... ......... .........  2.17E-03  1.00E-01  1.83E-04  1.93E-05  1.34E-02  1.83E-04  2.35E-04  9.83E-03
 
 TH12
+       ......... ......... .........  9.05E-03  3.26E-01 -6.90E-04  1.94E-05  1.49E-03  3.26E-03  4.06E-04  8.84E-04  1.45E-02
 
 TH13
+       ......... ......... .........  2.42E-02  9.28E-01 -3.92E-03  1.53E-04  6.43E-03  1.62E-03  2.18E-02  3.13E-03  5.73E-03
          3.01E-01
 
 TH14
+       ......... ......... ......... -2.89E-04 -6.19E-04 -1.39E-04 -2.68E-06 -7.66E-05 -2.18E-05 -2.01E-05 -6.83E-06  5.26E-06
         -1.07E-04  9.18E-05
 
 TH15
+       ......... ......... .........  5.56E-04  8.93E-03 -1.45E-05 -3.44E-06 -2.37E-04  2.78E-05 -3.77E-05 -4.36E-05 -8.28E-05
         -4.45E-04 -2.30E-06  1.00E-04
 
 TH16
+       ......... ......... .........  8.31E-03  1.23E-01  5.53E-04 -2.65E-06 -8.00E-04  2.04E-04 -9.66E-05 -1.27E-03 -1.03E-04
         -1.75E-03  2.15E-06  4.55E-05  6.37E-03
 
 OM11
+       ......... ......... .........  2.45E-05  7.89E-04 -3.28E-05 -2.59E-06  5.00E-06 -6.12E-07  3.00E-06  2.53E-06 -8.26E-06
          2.50E-05  9.03E-07 -2.71E-06  2.03E-05  9.88E-06
 
 OM12
+       ......... ......... ......... ......... ......... ......... ......... ......... ......... ......... ......... .........
         ......... ......... ......... ......... ......... .........
 
 OM13
+       ......... ......... ......... ......... ......... ......... ......... ......... ......... ......... ......... .........
         ......... ......... ......... ......... ......... ......... .........
 
1

            TH 1      TH 2      TH 3      TH 4      TH 5      TH 6      TH 7      TH 8      TH 9      TH10      TH11      TH12  
             TH13      TH14      TH15      TH16      OM11      OM12      OM13      OM14      OM15      OM22      OM23      OM24  
            OM25      OM33      OM34      OM35      OM44      OM45      OM55      SG11  
 
 OM14
+       ......... ......... ......... ......... ......... ......... ......... ......... ......... ......... ......... .........
         ......... ......... ......... ......... ......... ......... ......... .........
 
 OM15
+       ......... ......... ......... ......... ......... ......... ......... ......... ......... ......... ......... .........
         ......... ......... ......... ......... ......... ......... ......... ......... .........
 
 OM22
+       ......... ......... ......... -5.49E-04 -8.65E-03 -1.47E-05 -2.95E-06  3.71E-04 -2.01E-05  8.96E-05  9.52E-05 -1.11E-04
          1.64E-03  1.98E-06 -1.16E-06 -2.62E-04  2.93E-06 ......... ......... ......... .........  4.36E-04
 
 OM23
+       ......... ......... ......... ......... ......... ......... ......... ......... ......... ......... ......... .........
         ......... ......... ......... ......... ......... ......... ......... ......... ......... ......... .........
 
 OM24
+       ......... ......... ......... ......... ......... ......... ......... ......... ......... ......... ......... .........
         ......... ......... ......... ......... ......... ......... ......... ......... ......... ......... ......... .........
 
 OM25
+       ......... ......... ......... ......... ......... ......... ......... ......... ......... ......... ......... .........
         ......... ......... ......... ......... ......... ......... ......... ......... ......... ......... ......... .........
        .........
 
 OM33
+       ......... ......... .........  1.40E-04  2.37E-03 -1.53E-05  4.14E-06 -3.54E-04  2.78E-05 -5.49E-05 -1.81E-04  3.10E-05
         -6.65E-04 -5.66E-06  7.05E-06  5.17E-05 -4.07E-07 ......... ......... ......... ......... -1.81E-04 ......... .........
        .........  1.93E-04
 
 OM34
+       ......... ......... ......... ......... ......... ......... ......... ......... ......... ......... ......... .........
         ......... ......... ......... ......... ......... ......... ......... ......... ......... ......... ......... .........
        ......... ......... .........
 
 OM35
+       ......... ......... ......... ......... ......... ......... ......... ......... ......... ......... ......... .........
         ......... ......... ......... ......... ......... ......... ......... ......... ......... ......... ......... .........
        ......... ......... ......... .........
 
 OM44
+       ......... ......... ......... -4.73E-05  4.42E-03 -2.68E-04 -5.41E-06  3.87E-05 -1.25E-05  2.01E-05  1.02E-04 -2.80E-05
          4.09E-04  2.60E-05 -3.09E-06 -3.58E-05  2.39E-06 ......... ......... ......... .........  1.32E-04 ......... .........
        ......... -1.35E-04 ......... .........  2.89E-04
 
 OM45
+       ......... ......... ......... ......... ......... ......... ......... ......... ......... ......... ......... .........
         ......... ......... ......... ......... ......... ......... ......... ......... ......... ......... ......... .........
        ......... ......... ......... ......... ......... .........
 
 OM55
+       ......... ......... .........  8.33E-05  1.11E-03  8.31E-05  1.34E-05  3.08E-05  7.42E-05  5.80E-06 -1.54E-05  8.62E-05
          7.23E-05  1.77E-06 -1.13E-05  2.83E-05  4.44E-07 ......... ......... ......... ......... -9.58E-06 ......... .........
        .........  1.20E-05 ......... ......... -3.07E-05 .........  1.54E-04
 
 SG11
+       ......... ......... .........  5.36E-06  3.79E-04 -3.23E-07  3.76E-07 -6.04E-06 -1.96E-07  7.64E-07  1.01E-06 -1.55E-07
          1.66E-05 -6.04E-07  6.65E-07 -7.79E-06 -1.46E-06 ......... ......... ......... ......... -8.12E-07 ......... .........
        .........  1.30E-07 ......... ......... -1.23E-06 ......... -2.95E-07  1.05E-06
 
1
 ************************************************************************************************************************
 ********************                                                                                ********************
 ********************               FIRST ORDER CONDITIONAL ESTIMATION WITH INTERACTION              ********************
 ********************                          CORRELATION MATRIX OF ESTIMATE                        ********************
 ********************                                                                                ********************
 ************************************************************************************************************************
 

            TH 1      TH 2      TH 3      TH 4      TH 5      TH 6      TH 7      TH 8      TH 9      TH10      TH11      TH12  
             TH13      TH14      TH15      TH16      OM11      OM12      OM13      OM14      OM15      OM22      OM23      OM24  
            OM25      OM33      OM34      OM35      OM44      OM45      OM55      SG11  
 
 TH 1
+       .........
 
 TH 2
+       ......... .........
 
 TH 3
+       ......... ......... .........
 
 TH 4
+       ......... ......... .........  3.37E-01
 
 TH 5
+       ......... ......... .........  6.85E-01  8.92E+00
 
 TH 6
+       ......... ......... ......... -1.97E-01 -5.26E-01  1.52E-01
 
 TH 7
+       ......... ......... ......... -7.63E-02 -3.58E-01  4.42E-01  7.42E-03
 
 TH 8
+       ......... ......... ......... -3.66E-02  1.02E-01  1.42E-02  2.11E-02  1.87E-01
 
 TH 9
+       ......... ......... .........  3.39E-02  2.43E-01 -2.50E-02  1.89E-02  7.10E-02  5.13E-02
 
 TH10
+       ......... ......... ......... -5.06E-03  1.40E-01 -4.42E-02  1.77E-02  7.29E-02  7.88E-02  5.37E-02
 
 TH11
+       ......... ......... .........  6.50E-02  1.13E-01  1.22E-02  2.62E-02  7.22E-01  3.59E-02  4.40E-02  9.92E-02
 
 TH12
+       ......... ......... .........  2.23E-01  3.03E-01 -3.78E-02  2.17E-02  6.62E-02  5.27E-01  6.28E-02  7.39E-02  1.21E-01
 
 TH13
+       ......... ......... .........  1.31E-01  1.90E-01 -4.71E-02  3.76E-02  6.27E-02  5.78E-02  7.38E-01  5.75E-02  8.67E-02
          5.48E-01
 
 TH14
+       ......... ......... ......... -8.95E-02 -7.24E-03 -9.54E-02 -3.78E-02 -4.28E-02 -4.44E-02 -3.90E-02 -7.19E-03  4.56E-03
         -2.03E-02  9.58E-03
 
 TH15
+       ......... ......... .........  1.65E-01  1.00E-01 -9.53E-03 -4.63E-02 -1.27E-01  5.42E-02 -7.01E-02 -4.39E-02 -6.86E-02
         -8.10E-02 -2.39E-02  1.00E-02
 
 TH16
+       ......... ......... .........  3.09E-01  1.73E-01  4.57E-02 -4.47E-03 -5.36E-02  4.98E-02 -2.25E-02 -1.60E-01 -1.07E-02
         -3.99E-02  2.81E-03  5.69E-02  7.98E-02
 
 OM11
+       ......... ......... .........  2.31E-02  2.81E-02 -6.88E-02 -1.11E-01  8.51E-03 -3.80E-03  1.78E-02  8.11E-03 -2.18E-02
          1.45E-02  3.00E-02 -8.61E-02  8.09E-02  3.14E-03
 
 OM12
+       ......... ......... ......... ......... ......... ......... ......... ......... ......... ......... ......... .........
         ......... ......... ......... ......... ......... .........
 
 OM13
+       ......... ......... ......... ......... ......... ......... ......... ......... ......... ......... ......... .........
         ......... ......... ......... ......... ......... ......... .........
 
1

            TH 1      TH 2      TH 3      TH 4      TH 5      TH 6      TH 7      TH 8      TH 9      TH10      TH11      TH12  
             TH13      TH14      TH15      TH16      OM11      OM12      OM13      OM14      OM15      OM22      OM23      OM24  
            OM25      OM33      OM34      OM35      OM44      OM45      OM55      SG11  
 
 OM14
+       ......... ......... ......... ......... ......... ......... ......... ......... ......... ......... ......... .........
         ......... ......... ......... ......... ......... ......... ......... .........
 
 OM15
+       ......... ......... ......... ......... ......... ......... ......... ......... ......... ......... ......... .........
         ......... ......... ......... ......... ......... ......... ......... ......... .........
 
 OM22
+       ......... ......... ......... -7.80E-02 -4.64E-02 -4.63E-03 -1.90E-02  9.50E-02 -1.88E-02  7.99E-02  4.60E-02 -4.42E-02
          1.43E-01  9.89E-03 -5.57E-03 -1.57E-01  4.46E-02 ......... ......... ......... .........  2.09E-02
 
 OM23
+       ......... ......... ......... ......... ......... ......... ......... ......... ......... ......... ......... .........
         ......... ......... ......... ......... ......... ......... ......... ......... ......... ......... .........
 
 OM24
+       ......... ......... ......... ......... ......... ......... ......... ......... ......... ......... ......... .........
         ......... ......... ......... ......... ......... ......... ......... ......... ......... ......... ......... .........
 
 OM25
+       ......... ......... ......... ......... ......... ......... ......... ......... ......... ......... ......... .........
         ......... ......... ......... ......... ......... ......... ......... ......... ......... ......... ......... .........
        .........
 
 OM33
+       ......... ......... .........  2.98E-02  1.91E-02 -7.28E-03  4.01E-02 -1.36E-01  3.90E-02 -7.35E-02 -1.31E-01  1.85E-02
         -8.72E-02 -4.25E-02  5.07E-02  4.66E-02 -9.31E-03 ......... ......... ......... ......... -6.22E-01 ......... .........
        .........  1.39E-02
 
 OM34
+       ......... ......... ......... ......... ......... ......... ......... ......... ......... ......... ......... .........
         ......... ......... ......... ......... ......... ......... ......... ......... ......... ......... ......... .........
        ......... ......... .........
 
 OM35
+       ......... ......... ......... ......... ......... ......... ......... ......... ......... ......... ......... .........
         ......... ......... ......... ......... ......... ......... ......... ......... ......... ......... ......... .........
        ......... ......... ......... .........
 
 OM44
+       ......... ......... ......... -8.26E-03  2.91E-02 -1.04E-01 -4.29E-02  1.22E-02 -1.43E-02  2.20E-02  6.04E-02 -1.36E-02
          4.39E-02  1.60E-01 -1.82E-02 -2.64E-02  4.46E-02 ......... ......... ......... .........  3.72E-01 ......... .........
        ......... -5.71E-01 ......... .........  1.70E-02
 
 OM45
+       ......... ......... ......... ......... ......... ......... ......... ......... ......... ......... ......... .........
         ......... ......... ......... ......... ......... ......... ......... ......... ......... ......... ......... .........
        ......... ......... ......... ......... ......... .........
 
 OM55
+       ......... ......... .........  1.99E-02  1.00E-02  4.42E-02  1.46E-01  1.33E-02  1.16E-01  8.68E-03 -1.25E-02  5.76E-02
          1.06E-02  1.49E-02 -9.07E-02  2.85E-02  1.14E-02 ......... ......... ......... ......... -3.69E-02 ......... .........
        .........  6.92E-02 ......... ......... -1.45E-01 .........  1.24E-02
 
 SG11
+       ......... ......... .........  1.56E-02  4.15E-02 -2.09E-03  4.96E-02 -3.16E-02 -3.73E-03  1.39E-02  9.94E-03 -1.26E-03
          2.95E-02 -6.16E-02  6.50E-02 -9.54E-02 -4.53E-01 ......... ......... ......... ......... -3.80E-02 ......... .........
        .........  9.13E-03 ......... ......... -7.09E-02 ......... -2.32E-02  1.02E-03
 
1
 ************************************************************************************************************************
 ********************                                                                                ********************
 ********************               FIRST ORDER CONDITIONAL ESTIMATION WITH INTERACTION              ********************
 ********************                      INVERSE COVARIANCE MATRIX OF ESTIMATE                     ********************
 ********************                                                                                ********************
 ************************************************************************************************************************
 

            TH 1      TH 2      TH 3      TH 4      TH 5      TH 6      TH 7      TH 8      TH 9      TH10      TH11      TH12  
             TH13      TH14      TH15      TH16      OM11      OM12      OM13      OM14      OM15      OM22      OM23      OM24  
            OM25      OM33      OM34      OM35      OM44      OM45      OM55      SG11  
 
 TH 1
+       .........
 
 TH 2
+       ......... .........
 
 TH 3
+       ......... ......... .........
 
 TH 4
+       ......... ......... .........  2.43E+01
 
 TH 5
+       ......... ......... ......... -7.28E-01  4.63E-02
 
 TH 6
+       ......... ......... ......... -7.28E+00  8.54E-01  7.50E+01
 
 TH 7
+       ......... ......... ......... -1.67E+02  1.04E+01 -3.19E+02  2.59E+04
 
 TH 8
+       ......... ......... .........  8.78E+00 -2.96E-01 -2.63E+00 -6.64E+01  6.70E+01
 
 TH 9
+       ......... ......... .........  3.48E+01 -1.36E+00 -1.72E+01 -3.14E+02  0.00E+00  6.04E+02
 
 TH10
+       ......... ......... .........  2.99E+01 -8.00E-01 -3.41E+00 -1.57E+02  0.00E+00  0.00E+00  8.10E+02
 
 TH11
+       ......... ......... ......... -1.20E+01  1.05E-01 -4.91E+00 -1.39E+01 -9.13E+01  0.00E+00  0.00E+00  2.36E+02
 
 TH12
+       ......... ......... ......... -7.40E+00 -1.98E-01 -6.19E+00 -7.09E+01  0.00E+00 -1.28E+02  0.00E+00  0.00E+00  1.08E+02
 
 TH13
+       ......... ......... ......... -2.18E+00 -6.05E-03 -4.75E-01 -2.01E+01  0.00E+00  0.00E+00 -5.90E+01  0.00E+00  0.00E+00
          7.95E+00
 
 TH14
+       ......... ......... .........  7.45E+01 -1.21E+00  6.19E+01 -2.69E+02  6.13E+01  2.28E+02  1.85E+02 -8.65E+01 -7.15E+01
         -1.16E+01  1.17E+04
 
 TH15
+       ......... ......... ......... -6.89E+01 -2.52E-01 -3.84E+01  5.68E+02  1.01E+02 -3.62E+02 -5.90E+01 -9.20E+01  1.72E+02
          2.45E+01 -9.33E+01  1.12E+04
 
 TH16
+       ......... ......... ......... -1.88E+01 -1.36E-02 -1.46E+01  2.89E+01 -1.75E+01 -3.62E+01 -2.20E+01  5.33E+01  1.95E+01
          3.13E+00 -8.98E+01  3.62E+00  2.01E+02
 
 OM11
+       ......... ......... ......... -4.26E+01  1.40E+00  1.20E+02  4.61E+03  1.10E+02 -1.66E+02 -1.17E+02 -2.51E+02  1.29E+02
         -8.44E+00  1.34E+02  3.03E+03 -2.71E+02  1.31E+05
 
 OM12
+       ......... ......... ......... ......... ......... ......... ......... ......... ......... ......... ......... .........
         ......... ......... ......... ......... ......... .........
 
 OM13
+       ......... ......... ......... ......... ......... ......... ......... ......... ......... ......... ......... .........
         ......... ......... ......... ......... ......... ......... .........
 
1

            TH 1      TH 2      TH 3      TH 4      TH 5      TH 6      TH 7      TH 8      TH 9      TH10      TH11      TH12  
             TH13      TH14      TH15      TH16      OM11      OM12      OM13      OM14      OM15      OM22      OM23      OM24  
            OM25      OM33      OM34      OM35      OM44      OM45      OM55      SG11  
 
 OM14
+       ......... ......... ......... ......... ......... ......... ......... ......... ......... ......... ......... .........
         ......... ......... ......... ......... ......... ......... ......... .........
 
 OM15
+       ......... ......... ......... ......... ......... ......... ......... ......... ......... ......... ......... .........
         ......... ......... ......... ......... ......... ......... ......... ......... .........
 
 OM22
+       ......... ......... .........  4.79E+00  1.40E-01  5.53E+00 -7.18E+01 -4.47E+01 -4.58E+01  1.24E+02  1.07E+02  2.96E+01
         -2.37E+01  1.71E+02 -4.51E+02  1.49E+02 -1.09E+03 ......... ......... ......... .........  4.02E+03
 
 OM23
+       ......... ......... ......... ......... ......... ......... ......... ......... ......... ......... ......... .........
         ......... ......... ......... ......... ......... ......... ......... ......... ......... ......... .........
 
 OM24
+       ......... ......... ......... ......... ......... ......... ......... ......... ......... ......... ......... .........
         ......... ......... ......... ......... ......... ......... ......... ......... ......... ......... ......... .........
 
 OM25
+       ......... ......... ......... ......... ......... ......... ......... ......... ......... ......... ......... .........
         ......... ......... ......... ......... ......... ......... ......... ......... ......... ......... ......... .........
        .........
 
 OM33
+       ......... ......... .........  1.46E+01 -6.97E-01  5.84E+01 -1.29E+03  3.74E+01 -1.14E+02  1.82E+02  9.89E+01  3.34E+01
         -1.30E+01 -2.80E+02 -6.03E+02  1.09E+02 -1.14E+03 ......... ......... ......... .........  3.61E+03 ......... .........
        .........  1.13E+04
 
 OM34
+       ......... ......... ......... ......... ......... ......... ......... ......... ......... ......... ......... .........
         ......... ......... ......... ......... ......... ......... ......... ......... ......... ......... ......... .........
        ......... ......... .........
 
 OM35
+       ......... ......... ......... ......... ......... ......... ......... ......... ......... ......... ......... .........
         ......... ......... ......... ......... ......... ......... ......... ......... ......... ......... ......... .........
        ......... ......... ......... .........
 
 OM44
+       ......... ......... .........  5.25E+00 -2.69E-01  6.77E+01 -7.70E+02  5.82E+01 -6.37E+01  5.02E+01 -6.72E+01  1.59E+01
         -1.90E+00 -1.19E+03  6.87E+01 -1.27E+01 -1.35E+02 ......... ......... ......... ......... -1.47E+02 ......... .........
        .........  3.73E+03 ......... .........  5.56E+03
 
 OM45
+       ......... ......... ......... ......... ......... ......... ......... ......... ......... ......... ......... .........
         ......... ......... ......... ......... ......... ......... ......... ......... ......... ......... ......... .........
        ......... ......... ......... ......... ......... .........
 
 OM55
+       ......... ......... ......... -6.83E+00 -4.68E-01  5.37E+00 -1.90E+03 -1.30E+00 -2.19E+02  4.82E+00  2.08E+01  2.90E+01
          2.07E+00 -4.51E+02  8.85E+02 -4.23E+00 -2.59E+02 ......... ......... ......... ......... -8.28E+01 ......... .........
        .........  1.57E+02 ......... .........  8.71E+02 .........  6.97E+03
 
 SG11
+       ......... ......... .........  1.72E+02 -1.69E+01  5.80E+01 -7.58E+03  5.83E+02  2.20E+02  4.86E+02 -6.75E+02  3.45E+02
         -9.13E+01  5.66E+03 -2.34E+03  1.05E+03  1.76E+05 ......... ......... ......... .........  2.32E+03 ......... .........
        .........  6.11E+03 ......... .........  5.96E+03 .........  2.48E+03  1.24E+06
 
1
 
 
 
 
 
 
 
 
 
 
 
 
 
 
 
 
 
 
 
 
 ************************************************************************************************************************
 ********************                                                                                ********************
 ********************               FIRST ORDER CONDITIONAL ESTIMATION WITH INTERACTION              ********************
 ********************                      EIGENVALUES OF COR MATRIX OF ESTIMATE                     ********************
 ********************                                                                                ********************
 ************************************************************************************************************************
 

             1         2         3         4         5         6         7         8         9        10        11        12
             13        14        15        16        17        18        19
 
         1.54E-01  2.35E-01  2.54E-01  3.00E-01  3.84E-01  5.03E-01  5.41E-01  5.90E-01  7.47E-01  8.91E-01  9.64E-01  1.03E+00
          1.24E+00  1.41E+00  1.50E+00  1.61E+00  1.85E+00  2.29E+00  2.51E+00
 
 #CPUT: Total CPU Time in Seconds,      488.218
Stop Time:
Fri Jun  5 10:21:32 CEST 2020
