Fri Jun  4 12:49:05 CEST 2021
;; 1. Based on: 6
;; 2. Description:
;;    Final scm model
;; 3. Label:
;;    SimVal base model
;------------------------------------------------------------------------------
$PROBLEM    run 1
$INPUT      NO ID STUDYID TAD TIME DAY AMT RATE ODV DV EVID BLQ DOSE
            FOOD FORM TYPE WT HT AGE SEX RACE ETHNIC GENO SMOK AST ALT
            BILI BMI CRCL NCI NCIL RACEL RACEL1 RACEL2 RACEL3 GENO1
            GENO2 GENO3 GENO4
$DATA      DAT-1-MI-PMX-2.csv IGNORE=@ IGNORE(TYPE.EQN.2)
            IGNORE(BLQ.EQN.1) IGNORE=(ID.EQN.895)
$SUBROUTINE ADVAN2 TRANS2
$PK
;;; FRELSEX-DEFINITION START
IF(SEX.EQ.1.0000E+00) FRELSEX = 1  ; Most common
IF(SEX.EQ.2.0000E+00) FRELSEX = ( 1 + THETA(14))
;;; FRELSEX-DEFINITION END


;;; FRELGENO4-DEFINITION START
IF(GENO4.EQ.0.0000E+00) FRELGENO4 = 1  ; Most common
IF(GENO4.EQ.1.0000E+00) FRELGENO4 = ( 1 + THETA(13))
;;; FRELGENO4-DEFINITION END


;;; FRELFORM-DEFINITION START
IF(FORM.EQ.1.0000E+00) FRELFORM = 1  ; Most common
IF(FORM.EQ.0.0000E+00) FRELFORM = ( 1 + THETA(12))
;;; FRELFORM-DEFINITION END

;;; FREL-RELATION START
FRELCOV=FRELFORM*FRELGENO4*FRELSEX
;;; FREL-RELATION END


;;; CLFOOD-DEFINITION START
IF(FOOD.EQ.1.0000E+00) CLFOOD = 1  ; Most common
IF(FOOD.EQ.0.0000E+00) CLFOOD = ( 1 + THETA(11))
;;; CLFOOD-DEFINITION END

;;; CL-RELATION START
CLCOV=CLFOOD
;;; CL-RELATION END


TVFREL  = THETA(1)

TVFREL = FRELCOV*TVFREL

CLWT    =  (WT/75)**THETA(2)
CLGENO1 = 1
CLGENO2 = 1
CLGENO3 = 1
CLGENO4 = 1
IF(GENO1.EQ.1) CLGENO1 = (1+THETA(8))
IF(GENO3.EQ.1) CLGENO3 = (1+THETA(9))
IF(GENO4.EQ.1) CLGENO4 = (1+THETA(10))

CLCOV1 = CLWT*CLGENO1*CLGENO2*CLGENO3*CLGENO4

VWT   = (WT/75)**THETA(3)
VCOV1  = VWT

TVCL    = THETA(4) * CLCOV1

TVCL = CLCOV*TVCL
TVV     = THETA(5) * VCOV1
TVMAT   = THETA(6)
TVD1    = THETA(7)

FREL  = TVFREL  * EXP(ETA(2))
CL    = TVCL    * EXP(ETA(3))
V     = TVV     * EXP(ETA(4))
MAT   = TVMAT   * EXP(ETA(5))
D1    = MAT*(1-TVD1)

F1    = FREL
KA    = 1 / (MAT-D1)
S2    = V

$ERROR
CP    = A(2)*1000 / V
IPRED = LOG(CP + 0.00001)
Y     = IPRED + EPS(1) * EXP(ETA(1))

$THETA  1 FIX ; 1. TVFREL
$THETA  0.75 FIX ; 2. WT coef on TVCL
$THETA  1 FIX ; 3. WT coef on TVV
$THETA  (0,11.9) ; 4. TVCL
$THETA  (0,191) ; 5. TVV
$THETA  (0,6.47) ; 6. TVMAT
$THETA  (0,0.616,1) ; 7 TVD1
$THETA  (-1,1.24) ; GENO2=1 on CL
$THETA  (-1,-0.335) ; GENO3=1 on CL
$THETA  (-1,-0.515) ; GENO4=1 on CL
$THETA  (-1.00,0.252,3.00) ; CLFOOD1
$THETA  (-1.00,-0.145,3.00) ; FRELFORM1
$THETA  (-1.00,2.64,3.00) ; FRELGENO41
$THETA  (-1.00,-0.139,3.00) ; FRELSEX1
$OMEGA  0.0257  ; 1. IIV on RUV
$OMEGA  0.256  ; 2. IIV on FREL
$OMEGA  0.0476  ; 3. IIV on CL
$OMEGA  0.159  ; 4. IIV on V
$OMEGA  0.144  ; 5. IIV on MAT
$SIGMA  0.0444  ;     1. RUV
$ESTIMATION METHOD=1 INTER ETASTYPE=1 MAXEVAL=9999 PRINT=1 NOABORT
$COVARIANCE PRINT=E MATRIX=S UNCONDITIONAL
$TABLE      NO ID STUDYID TAD TIME DAY AMT RATE ODV DV EVID BLQ DOSE
            FOOD FORM TYPE WT HT AGE SEX RACE ETHNIC GENO SMOK AST ALT
            BILI BMI CRCL NCI NCIL RACEL RACEL1 RACEL2 RACEL3 GENO1
            GENO2 GENO3 GENO4 CPRED CIPREDI CWRES CIWRES ETAS(1:LAST)
            FREL CL V MAT TVD1 NOPRINT ONEHEADER FILE=xptab7


NM-TRAN MESSAGES
  
 WARNINGS AND ERRORS (IF ANY) FOR PROBLEM    1
             
 (WARNING  2) NM-TRAN INFERS THAT THE DATA ARE POPULATION.

License Registered to: Pharmetheus AB
Expiration Date:    14 DEC 2021
Current Date:        4 JUN 2021
Days until program expires : 190
1NONLINEAR MIXED EFFECTS MODEL PROGRAM (NONMEM) VERSION 7.4.4
 ORIGINALLY DEVELOPED BY STUART BEAL, LEWIS SHEINER, AND ALISON BOECKMANN
 CURRENT DEVELOPERS ARE ROBERT BAUER, ICON DEVELOPMENT SOLUTIONS,
 AND ALISON BOECKMANN. IMPLEMENTATION, EFFICIENCY, AND STANDARDIZATION
 PERFORMED BY NOUS INFOSYSTEMS.

 PROBLEM NO.:         1
 run 1
0DATA CHECKOUT RUN:              NO
 DATA SET LOCATED ON UNIT NO.:    2
 THIS UNIT TO BE REWOUND:        NO
 NO. OF DATA RECS IN DATA SET:    33885
 NO. OF DATA ITEMS IN DATA SET:  40
 ID DATA ITEM IS DATA ITEM NO.:   2
 DEP VARIABLE IS DATA ITEM NO.:  10
 MDV DATA ITEM IS DATA ITEM NO.: 40
0INDICES PASSED TO SUBROUTINE PRED:
  11   5   7   8   0   0   0   0   0   0   0
0LABELS FOR DATA ITEMS:
 NO ID STUDYID TAD TIME DAY AMT RATE ODV DV EVID BLQ DOSE FOOD FORM TYPE WT HT AGE SEX RACE ETHNIC GENO SMOK AST ALT BILI
 BMI CRCL NCI NCIL RACEL RACEL1 RACEL2 RACEL3 GENO1 GENO2 GENO3 GENO4 MDV
0(NONBLANK) LABELS FOR PRED-DEFINED ITEMS:
 TVD1 FREL CL V MAT
0FORMAT FOR DATA:
 (3(10E7.0/),9E7.0,1F2.0)

 TOT. NO. OF OBS RECS:     6284
 TOT. NO. OF INDIVIDUALS:      754
0LENGTH OF THETA:  14
0DEFAULT THETA BOUNDARY TEST OMITTED:    NO
0OMEGA HAS SIMPLE DIAGONAL FORM WITH DIMENSION:   5
0DEFAULT OMEGA BOUNDARY TEST OMITTED:    NO
0SIGMA HAS SIMPLE DIAGONAL FORM WITH DIMENSION:   1
0DEFAULT SIGMA BOUNDARY TEST OMITTED:    NO
0INITIAL ESTIMATE OF THETA:
 LOWER BOUND    INITIAL EST    UPPER BOUND
  0.1000E+01     0.1000E+01     0.1000E+01
  0.7500E+00     0.7500E+00     0.7500E+00
  0.1000E+01     0.1000E+01     0.1000E+01
  0.0000E+00     0.1190E+02     0.1000E+07
  0.0000E+00     0.1910E+03     0.1000E+07
  0.0000E+00     0.6470E+01     0.1000E+07
  0.0000E+00     0.6160E+00     0.1000E+01
 -0.1000E+01     0.1240E+01     0.1000E+07
 -0.1000E+01    -0.3350E+00     0.1000E+07
 -0.1000E+01    -0.5150E+00     0.1000E+07
 -0.1000E+01     0.2520E+00     0.3000E+01
 -0.1000E+01    -0.1450E+00     0.3000E+01
 -0.1000E+01     0.2640E+01     0.3000E+01
 -0.1000E+01    -0.1390E+00     0.3000E+01
0INITIAL ESTIMATE OF OMEGA:
 0.2570E-01
 0.0000E+00   0.2560E+00
 0.0000E+00   0.0000E+00   0.4760E-01
 0.0000E+00   0.0000E+00   0.0000E+00   0.1590E+00
 0.0000E+00   0.0000E+00   0.0000E+00   0.0000E+00   0.1440E+00
0INITIAL ESTIMATE OF SIGMA:
 0.4440E-01
0COVARIANCE STEP OMITTED:        NO
 R MATRIX SUBSTITUTED:           NO
 S MATRIX SUBSTITUTED:          YES
 EIGENVLS. PRINTED:             YES
 SPECIAL COMPUTATION:            NO
 COMPRESSED FORMAT:              NO
 GRADIENT METHOD USED:     NOSLOW
 SIGDIGITS ETAHAT (SIGLO):                  -1
 SIGDIGITS GRADIENTS (SIGL):                -1
 EXCLUDE COV FOR FOCE (NOFCOV):              NO
 TURN OFF Cholesky Transposition of R Matrix (CHOLROFF): NO
 KNUTHSUMOFF:                                -1
 RESUME COV ANALYSIS (RESUME):               NO
 SIR SAMPLE SIZE (SIRSAMPLE):              -1
 NON-LINEARLY TRANSFORM THETAS DURING COV (THBND): 1
 PRECONDTIONING CYCLES (PRECOND):        0
 PRECONDTIONING TYPES (PRECONDS):        TOS
 FORCED PRECONDTIONING CYCLES (PFCOND):0
 PRECONDTIONING TYPE (PRETYPE):        0
 FORCED POS. DEFINITE SETTING: (FPOSDEF):0
0TABLES STEP OMITTED:    NO
 NO. OF TABLES:           1
 SEED NUMBER (SEED):    11456
 RANMETHOD:             3U
 MC SAMPLES (ESAMPLE):    300
 WRES SQUARE ROOT TYPE (WRESCHOL): EIGENVALUE
0-- TABLE   1 --
0RECORDS ONLY:    ALL
04 COLUMNS APPENDED:    YES
 PRINTED:                NO
 HEADERS:               ONE
 FILE TO BE FORWARDED:   NO
 FORMAT:                S1PE11.4
 LFORMAT:
 RFORMAT:
 FIXED_EFFECT_ETAS:
0USER-CHOSEN ITEMS:
 NO ID STUDYID TAD TIME DAY AMT RATE ODV DV EVID BLQ DOSE FOOD FORM TYPE WT HT AGE SEX RACE ETHNIC GENO SMOK AST ALT BILI
 BMI CRCL NCI NCIL RACEL RACEL1 RACEL2 RACEL3 GENO1 GENO2 GENO3 GENO4 CPRED CIPREDI CWRES CIWRES ETA1 ETA2 ETA3 ETA4 ETA5
 FREL CL V MAT TVD1
1DOUBLE PRECISION PREDPP VERSION 7.4.4

 ONE COMPARTMENT MODEL WITH FIRST-ORDER ABSORPTION (ADVAN2)
0MAXIMUM NO. OF BASIC PK PARAMETERS:   3
0BASIC PK PARAMETERS (AFTER TRANSLATION):
   ELIMINATION RATE (K) IS BASIC PK PARAMETER NO.:  1
   ABSORPTION RATE (KA) IS BASIC PK PARAMETER NO.:  3

 TRANSLATOR WILL CONVERT PARAMETERS
 CLEARANCE (CL) AND VOLUME (V) TO K (TRANS2)
0COMPARTMENT ATTRIBUTES
 COMPT. NO.   FUNCTION   INITIAL    ON/OFF      DOSE      DEFAULT    DEFAULT
                         STATUS     ALLOWED    ALLOWED    FOR DOSE   FOR OBS.
    1         DEPOT        OFF        YES        YES        YES        NO
    2         CENTRAL      ON         NO         YES        NO         YES
    3         OUTPUT       OFF        YES        NO         NO         NO
1
 ADDITIONAL PK PARAMETERS - ASSIGNMENT OF ROWS IN GG
 COMPT. NO.                             INDICES
              SCALE      BIOAVAIL.   ZERO-ORDER  ZERO-ORDER  ABSORB
                         FRACTION    RATE        DURATION    LAG
    1            *           5           *           4           *
    2            6           *           *           *           *
    3            *           -           -           -           -
             - PARAMETER IS NOT ALLOWED FOR THIS MODEL
             * PARAMETER IS NOT SUPPLIED BY PK SUBROUTINE;
               WILL DEFAULT TO ONE IF APPLICABLE
0DATA ITEM INDICES USED BY PRED ARE:
   EVENT ID DATA ITEM IS DATA ITEM NO.:     11
   TIME DATA ITEM IS DATA ITEM NO.:          5
   DOSE AMOUNT DATA ITEM IS DATA ITEM NO.:   7
   DOSE RATE DATA ITEM IS DATA ITEM NO.:     8

0PK SUBROUTINE CALLED WITH EVERY EVENT RECORD.
 PK SUBROUTINE NOT CALLED AT NONEVENT (ADDITIONAL OR LAGGED) DOSE TIMES.
0ERROR SUBROUTINE CALLED WITH EVERY EVENT RECORD.
0ERROR SUBROUTINE INDICATES THAT DERIVATIVES OF COMPARTMENT AMOUNTS ARE USED.

 #PARA: PARAFILE=/usr/local/arch/nonmem/nonmem-7.4.4g75om31/run/mpilinux8.pnm, PROTOCOL=MPI, NODES= 4

1


 #TBLN:      1
 #METH: First Order Conditional Estimation with Interaction

 ESTIMATION STEP OMITTED:                 NO
 ANALYSIS TYPE:                           POPULATION
 NUMBER OF SADDLE POINT RESET ITERATIONS:      0
 GRADIENT METHOD USED:               NOSLOW
 CONDITIONAL ESTIMATES USED:              YES
 CENTERED ETA:                            NO
 EPS-ETA INTERACTION:                     YES
 LAPLACIAN OBJ. FUNC.:                    NO
 NO. OF FUNCT. EVALS. ALLOWED:            9999
 NO. OF SIG. FIGURES REQUIRED:            3
 INTERMEDIATE PRINTOUT:                   YES
 ESTIMATE OUTPUT TO MSF:                  NO
 ABORT WITH PRED EXIT CODE 1:             NO
 IND. OBJ. FUNC. VALUES SORTED:           NO
 NUMERICAL DERIVATIVE
       FILE REQUEST (NUMDER):               NONE
 MAP (ETAHAT) ESTIMATION METHOD (OPTMAP):   0
 ETA HESSIAN EVALUATION METHOD (ETADER):    0
 INITIAL ETA FOR MAP ESTIMATION (MCETA):    0
 SIGDIGITS FOR MAP ESTIMATION (SIGLO):      100
 GRADIENT SIGDIGITS OF
       FIXED EFFECTS PARAMETERS (SIGL):     100
 NOPRIOR SETTING (NOPRIOR):                 OFF
 NOCOV SETTING (NOCOV):                     OFF
 DERCONT SETTING (DERCONT):                 OFF
 FINAL ETA RE-EVALUATION (FNLETA):          ON
 EXCLUDE NON-INFLUENTIAL (NON-INFL.) ETAS
       IN SHRINKAGE (ETASTYPE):             YES
 NON-INFL. ETA CORRECTION (NONINFETA):      OFF
 RAW OUTPUT FILE (FILE): psn.ext
 EXCLUDE TITLE (NOTITLE):                   NO
 EXCLUDE COLUMN LABELS (NOLABEL):           NO
 FORMAT FOR ADDITIONAL FILES (FORMAT):      S1PE12.5
 PARAMETER ORDER FOR OUTPUTS (ORDER):       TSOL
 WISHART PRIOR DF INTERPRETATION (WISHTYPE):0
 KNUTHSUMOFF:                               0
 INCLUDE LNTWOPI:                           NO
 INCLUDE CONSTANT TERM TO PRIOR (PRIORC):   NO
 INCLUDE CONSTANT TERM TO OMEGA (ETA) (OLNTWOPI):NO
 ADDITIONAL CONVERGENCE TEST (CTYPE=4)?:    NO
 EM OR BAYESIAN METHOD USED:                 NONE


 THE FOLLOWING LABELS ARE EQUIVALENT
 PRED=PREDI
 RES=RESI
 WRES=WRESI
 IWRS=IWRESI
 IPRD=IPREDI
 IRS=IRESI

 MONITORING OF SEARCH:


0ITERATION NO.:    0    OBJECTIVE VALUE:  -7299.68620708689        NO. OF FUNC. EVALS.:  14
 CUMULATIVE NO. OF FUNC. EVALS.:       14
 NPARAMETR:  1.1900E+01  1.9100E+02  6.4700E+00  6.1600E-01  1.2400E+00 -3.3500E-01 -5.1500E-01  2.5200E-01 -1.4500E-01  2.6400E+00
            -1.3900E-01  2.5700E-02  2.5600E-01  4.7600E-02  1.5900E-01  1.4400E-01  4.4400E-02
 PARAMETER:  1.0000E-01  1.0000E-01  1.0000E-01  1.0000E-01  1.0000E-01  1.0000E-01  1.0000E-01  1.0000E-01  1.0000E-01  1.0000E-01
             1.0000E-01  1.0000E-01  1.0000E-01  1.0000E-01  1.0000E-01  1.0000E-01  1.0000E-01
 GRADIENT:   2.7889E+01  1.0556E+01  1.6415E+01 -2.6489E+00  8.4377E-01  2.8362E+00  9.8132E-01  6.5045E+00 -3.9016E+00  9.1391E-03
             4.6765E+00 -7.4845E-02  1.6496E+00  3.9264E-01  1.0662E+00  2.6234E+00  2.7992E+00

0ITERATION NO.:    1    OBJECTIVE VALUE:  -7299.68677225309        NO. OF FUNC. EVALS.:  18
 CUMULATIVE NO. OF FUNC. EVALS.:       32
 NPARAMETR:  1.1891E+01  1.9095E+02  6.4671E+00  6.1602E-01  1.2399E+00 -3.3505E-01 -5.1501E-01  2.5185E-01 -1.4493E-01  2.6400E+00
            -1.3908E-01  2.5700E-02  2.5598E-01  4.7599E-02  1.5899E-01  1.4398E-01  4.4393E-02
 PARAMETER:  9.9250E-02  9.9716E-02  9.9559E-02  1.0007E-01  9.9977E-02  9.9924E-02  9.9974E-02  9.9825E-02  1.0010E-01  1.0000E-01
             9.9874E-02  1.0000E-01  9.9956E-02  9.9989E-02  9.9971E-02  9.9929E-02  9.9925E-02
 GRADIENT:   2.3181E+01  1.1422E+01  1.4605E+01 -2.6694E+00  6.7988E-01  2.2556E+00  7.5398E-01  4.1410E+00 -1.5340E+00  2.4188E-02
             5.8600E+00 -1.5218E-01  1.2531E+00  4.6344E-01  1.2451E+00  2.6083E+00  1.6809E+00

0ITERATION NO.:    2    OBJECTIVE VALUE:  -7299.68677225309        NO. OF FUNC. EVALS.:  42
 CUMULATIVE NO. OF FUNC. EVALS.:       74
 NPARAMETR:  1.1891E+01  1.9095E+02  6.4671E+00  6.1602E-01  1.2399E+00 -3.3505E-01 -5.1501E-01  2.5185E-01 -1.4493E-01  2.6400E+00
            -1.3908E-01  2.5700E-02  2.5598E-01  4.7599E-02  1.5899E-01  1.4398E-01  4.4393E-02
 PARAMETER:  9.9250E-02  9.9716E-02  9.9559E-02  1.0007E-01  9.9977E-02  9.9924E-02  9.9974E-02  9.9825E-02  1.0010E-01  1.0000E-01
             9.9874E-02  1.0000E-01  9.9956E-02  9.9989E-02  9.9971E-02  9.9929E-02  9.9925E-02
 GRADIENT:  -4.2770E+00 -1.0714E+00  2.4859E+00 -3.0181E+00 -6.4241E-01 -1.5035E-01 -5.8607E-02 -3.3601E+00 -4.5543E+00  1.8782E-02
             1.7277E+00 -1.5218E-01  1.2531E+00  4.6344E-01  1.2451E+00  2.6083E+00  4.2415E-01

0ITERATION NO.:    3    OBJECTIVE VALUE:  -7299.69282791250        NO. OF FUNC. EVALS.:  40
 CUMULATIVE NO. OF FUNC. EVALS.:      114
 NPARAMETR:  1.1899E+01  1.9098E+02  6.4645E+00  6.1613E-01  1.2402E+00 -3.3503E-01 -5.1501E-01  2.5233E-01 -1.4442E-01  2.6400E+00
            -1.3928E-01  2.5701E-02  2.5587E-01  4.7592E-02  1.5893E-01  1.4386E-01  4.4387E-02
 PARAMETER:  9.9955E-02  9.9893E-02  9.9149E-02  1.0057E-01  1.0008E-01  9.9949E-02  9.9983E-02  1.0038E-01  1.0086E-01  9.9997E-02
             9.9589E-02  1.0003E-01  9.9749E-02  9.9913E-02  9.9766E-02  9.9499E-02  9.9855E-02
 GRADIENT:   1.7244E+00 -4.2555E+00 -1.1935E+00 -2.2747E+00 -4.2626E-01  4.7888E-01  2.0284E-01  1.2960E+00  2.7499E+00  6.4954E-03
             5.2892E-01 -2.4404E-01  8.6437E-01  3.9637E-01  1.2110E+00  1.9404E+00 -6.0114E-01

0ITERATION NO.:    4    OBJECTIVE VALUE:  -7299.69786238901        NO. OF FUNC. EVALS.:  40
 CUMULATIVE NO. OF FUNC. EVALS.:      154
 NPARAMETR:  1.1902E+01  1.9121E+02  6.4641E+00  6.1638E-01  1.2406E+00 -3.3510E-01 -5.1503E-01  2.5247E-01 -1.4444E-01  2.6400E+00
            -1.3954E-01  2.5706E-02  2.5567E-01  4.7576E-02  1.5877E-01  1.4360E-01  4.4395E-02
 PARAMETER:  1.0015E-01  1.0112E-01  9.9083E-02  1.0159E-01  1.0029E-01  9.9850E-02  9.9941E-02  1.0055E-01  1.0083E-01  9.9992E-02
             9.9202E-02  1.0011E-01  9.9347E-02  9.9745E-02  9.9278E-02  9.8627E-02  9.9944E-02
 GRADIENT:  -1.3681E+00  6.2359E-01 -5.9281E-01 -1.4394E-01 -4.7337E-01  5.4939E-02  8.6619E-02  1.0110E+00  2.0027E+00 -1.2673E-03
            -3.7341E-01 -1.7687E-01  9.0627E-04 -1.6975E-02  1.7831E-01  5.1805E-01  1.0998E-01

0ITERATION NO.:    5    OBJECTIVE VALUE:  -7299.69816204866        NO. OF FUNC. EVALS.:  40
 CUMULATIVE NO. OF FUNC. EVALS.:      194
 NPARAMETR:  1.1906E+01  1.9122E+02  6.4644E+00  6.1642E-01  1.2409E+00 -3.3511E-01 -5.1504E-01  2.5239E-01 -1.4462E-01  2.6400E+00
            -1.3954E-01  2.5708E-02  2.5563E-01  4.7574E-02  1.5874E-01  1.4354E-01  4.4393E-02
 PARAMETER:  1.0054E-01  1.0113E-01  9.9131E-02  1.0177E-01  1.0041E-01  9.9835E-02  9.9922E-02  1.0045E-01  1.0056E-01  9.9992E-02
             9.9199E-02  1.0016E-01  9.9283E-02  9.9723E-02  9.9173E-02  9.8391E-02  9.9919E-02
 GRADIENT:   1.7712E+00 -5.3487E-01 -8.6607E-01 -9.2554E-02 -3.3001E-01  3.3277E-01  2.0877E-01  1.1977E+00 -1.5673E+00 -9.1035E-03
            -1.0576E+00 -1.9009E-01 -1.5728E-01 -3.6867E-02  1.5379E-01  1.5326E-01 -1.8072E-01

0ITERATION NO.:    6    OBJECTIVE VALUE:  -7299.69849556807        NO. OF FUNC. EVALS.:  40
 CUMULATIVE NO. OF FUNC. EVALS.:      234
 NPARAMETR:  1.1908E+01  1.9121E+02  6.4654E+00  6.1645E-01  1.2413E+00 -3.3515E-01 -5.1506E-01  2.5217E-01 -1.4456E-01  2.6400E+00
            -1.3941E-01  2.5712E-02  2.5563E-01  4.7573E-02  1.5871E-01  1.4348E-01  4.4392E-02
 PARAMETER:  1.0068E-01  1.0109E-01  9.9282E-02  1.0191E-01  1.0058E-01  9.9778E-02  9.9874E-02  1.0020E-01  1.0066E-01  9.9993E-02
             9.9393E-02  1.0023E-01  9.9271E-02  9.9719E-02  9.9077E-02  9.8185E-02  9.9906E-02
 GRADIENT:   1.8552E+00 -5.6248E-01 -3.1969E-01 -4.1191E-02 -2.6827E-01  2.7713E-01  1.8656E-01 -2.3183E-01 -4.8799E-01 -7.9815E-03
            -9.4227E-01 -1.9247E-01 -1.7556E-01 -5.4018E-02  6.7265E-02 -1.3215E-01 -2.9359E-01

0ITERATION NO.:    7    OBJECTIVE VALUE:  -7299.69881360639        NO. OF FUNC. EVALS.:  40
 CUMULATIVE NO. OF FUNC. EVALS.:      274
 NPARAMETR:  1.1908E+01  1.9119E+02  6.4660E+00  6.1650E-01  1.2421E+00 -3.3523E-01 -5.1512E-01  2.5228E-01 -1.4458E-01  2.6400E+00
            -1.3907E-01  2.5720E-02  2.5565E-01  4.7575E-02  1.5866E-01  1.4341E-01  4.4396E-02
 PARAMETER:  1.0069E-01  1.0100E-01  9.9382E-02  1.0210E-01  1.0092E-01  9.9657E-02  9.9762E-02  1.0033E-01  1.0063E-01  9.9996E-02
             9.9901E-02  1.0039E-01  9.9306E-02  9.9738E-02  9.8943E-02  9.7960E-02  9.9950E-02
 GRADIENT:   1.6149E+00 -8.7211E-01 -1.6091E-01  8.7529E-02 -1.6893E-01  1.8527E-01  1.3627E-01  5.4334E-01 -6.9639E-01 -3.5998E-03
            -4.0752E-01 -8.5024E-02 -7.8323E-02 -5.0881E-02 -4.6659E-02 -4.3967E-01  3.2199E-01

0ITERATION NO.:    8    OBJECTIVE VALUE:  -7299.69885252553        NO. OF FUNC. EVALS.:  40
 CUMULATIVE NO. OF FUNC. EVALS.:      314
 NPARAMETR:  1.1908E+01  1.9119E+02  6.4658E+00  6.1650E-01  1.2423E+00 -3.3525E-01 -5.1513E-01  2.5228E-01 -1.4458E-01  2.6400E+00
            -1.3901E-01  2.5722E-02  2.5565E-01  4.7576E-02  1.5866E-01  1.4342E-01  4.4387E-02
 PARAMETER:  1.0070E-01  1.0102E-01  9.9351E-02  1.0213E-01  1.0102E-01  9.9631E-02  9.9731E-02  1.0033E-01  1.0062E-01  9.9997E-02
             9.9992E-02  1.0043E-01  9.9309E-02  9.9748E-02  9.8929E-02  9.7974E-02  9.9857E-02
 GRADIENT:   1.4586E+00 -8.3579E-01 -3.7649E-01  1.8183E-01 -1.4493E-01  1.5175E-01  1.1919E-01  4.9658E-01 -7.6663E-01 -2.5938E-03
            -3.0389E-01 -1.6024E-01 -6.9003E-02 -5.5677E-02 -7.7385E-02 -4.4102E-01 -7.1525E-01

0ITERATION NO.:    9    OBJECTIVE VALUE:  -7299.69889195373        NO. OF FUNC. EVALS.:  39
 CUMULATIVE NO. OF FUNC. EVALS.:      353
 NPARAMETR:  1.1911E+01  1.9125E+02  6.4646E+00  6.1651E-01  1.2438E+00 -3.3532E-01 -5.1522E-01  2.5222E-01 -1.4458E-01  2.6400E+00
            -1.3879E-01  2.5738E-02  2.5564E-01  4.7584E-02  1.5866E-01  1.4351E-01  4.4392E-02
 PARAMETER:  1.0090E-01  1.0130E-01  9.9171E-02  1.0215E-01  1.0167E-01  9.9524E-02  9.9542E-02  1.0026E-01  1.0062E-01  9.9997E-02
             1.0032E-01  1.0075E-01  9.9297E-02  9.9837E-02  9.8938E-02  9.8313E-02  9.9909E-02
 GRADIENT:   1.5670E+00 -7.4880E-01 -1.3431E+00  3.8685E-01  3.7120E-02  7.6008E-02  5.7674E-02 -2.1602E-02 -7.9521E-01 -3.4632E-04
            -1.5415E-01  2.0907E-02 -9.6860E-03 -4.7796E-02 -6.0457E-02 -1.9943E-02  2.2125E-01

0ITERATION NO.:   10    OBJECTIVE VALUE:  -7299.69893692162        NO. OF FUNC. EVALS.:  40
 CUMULATIVE NO. OF FUNC. EVALS.:      393
 NPARAMETR:  1.1912E+01  1.9127E+02  6.4651E+00  6.1650E-01  1.2442E+00 -3.3533E-01 -5.1525E-01  2.5225E-01 -1.4457E-01  2.6400E+00
            -1.3875E-01  2.5743E-02  2.5563E-01  4.7587E-02  1.5867E-01  1.4354E-01  4.4390E-02
 PARAMETER:  1.0097E-01  1.0140E-01  9.9239E-02  1.0211E-01  1.0186E-01  9.9507E-02  9.9492E-02  1.0029E-01  1.0064E-01  9.9997E-02
             1.0037E-01  1.0083E-01  9.9282E-02  9.9866E-02  9.8952E-02  9.8398E-02  9.9886E-02
 GRADIENT:   1.6991E+00 -6.0049E-01 -8.2328E-01  2.4103E-01  8.8603E-02  8.3924E-02  4.8106E-02  2.0993E-01 -7.3753E-01 -5.3772E-04
            -2.1717E-01  3.8917E-02 -9.9010E-03 -4.5268E-02 -5.6016E-02  7.4896E-02  6.3064E-02

0ITERATION NO.:   11    OBJECTIVE VALUE:  -7299.69895898081        NO. OF FUNC. EVALS.:  39
 CUMULATIVE NO. OF FUNC. EVALS.:      432
 NPARAMETR:  1.1911E+01  1.9127E+02  6.4648E+00  6.1647E-01  1.2447E+00 -3.3530E-01 -5.1527E-01  2.5225E-01 -1.4457E-01  2.6400E+00
            -1.3879E-01  2.5747E-02  2.5557E-01  4.7596E-02  1.5870E-01  1.4351E-01  4.4389E-02
 PARAMETER:  1.0092E-01  1.0139E-01  9.9201E-02  1.0199E-01  1.0210E-01  9.9553E-02  9.9436E-02  1.0029E-01  1.0063E-01  9.9992E-02
             1.0031E-01  1.0092E-01  9.9167E-02  9.9953E-02  9.9048E-02  9.8286E-02  9.9879E-02
 GRADIENT:   1.6472E+00 -6.2535E-01 -8.8419E-01  1.3167E-01  1.4265E-01  1.2481E-01  2.4596E-02  1.9469E-01 -7.4220E-01  9.7242E-04
            -2.2606E-01  6.9000E-02 -1.7925E-01 -4.8475E-02  4.1389E-03 -3.5788E-02  6.7367E-02

0ITERATION NO.:   12    OBJECTIVE VALUE:  -7299.69895926659        NO. OF FUNC. EVALS.:  39
 CUMULATIVE NO. OF FUNC. EVALS.:      471
 NPARAMETR:  1.1911E+01  1.9126E+02  6.4648E+00  6.1647E-01  1.2450E+00 -3.3529E-01 -5.1528E-01  2.5225E-01 -1.4457E-01  2.6400E+00
            -1.3885E-01  2.5748E-02  2.5562E-01  4.7604E-02  1.5871E-01  1.4350E-01  4.4389E-02
 PARAMETER:  1.0089E-01  1.0137E-01  9.9201E-02  1.0200E-01  1.0223E-01  9.9564E-02  9.9426E-02  1.0029E-01  1.0063E-01  9.9985E-02
             1.0023E-01  1.0094E-01  9.9255E-02  1.0004E-01  9.9077E-02  9.8250E-02  9.9877E-02
 GRADIENT:   1.6398E+00 -6.1205E-01 -8.8367E-01  1.5148E-01  1.7745E-01  1.1948E-01  1.9748E-02  1.9473E-01 -7.3912E-01  1.1814E-03
            -2.8351E-01  7.5032E-02  1.1147E-02  2.1985E-03  3.3142E-02 -7.4550E-02  6.5958E-02

0ITERATION NO.:   13    OBJECTIVE VALUE:  -7299.69896294340        NO. OF FUNC. EVALS.:  38
 CUMULATIVE NO. OF FUNC. EVALS.:      509
 NPARAMETR:  1.1910E+01  1.9125E+02  6.4650E+00  6.1649E-01  1.2452E+00 -3.3528E-01 -5.1527E-01  2.5225E-01 -1.4457E-01  2.6400E+00
            -1.3890E-01  2.5747E-02  2.5559E-01  4.7613E-02  1.5869E-01  1.4351E-01  4.4389E-02
 PARAMETER:  1.0084E-01  1.0129E-01  9.9231E-02  1.0208E-01  1.0233E-01  9.9572E-02  9.9446E-02  1.0029E-01  1.0063E-01  9.9969E-02
             1.0015E-01  1.0092E-01  9.9201E-02  1.0013E-01  9.9037E-02  9.8304E-02  9.9878E-02
 GRADIENT:   1.6070E+00 -6.5798E-01 -8.5543E-01  2.1714E-01  2.0050E-01  1.1799E-01  2.3916E-02  1.9313E-01 -7.3600E-01  1.2477E-03
            -3.0913E-01  6.9277E-02 -5.2736E-02  5.2954E-04  2.5003E-02 -2.3752E-02  6.6851E-02

0ITERATION NO.:   14    OBJECTIVE VALUE:  -7299.69896327715        NO. OF FUNC. EVALS.:  39
 CUMULATIVE NO. OF FUNC. EVALS.:      548
 NPARAMETR:  1.1910E+01  1.9125E+02  6.4650E+00  6.1649E-01  1.2453E+00 -3.3528E-01 -5.1525E-01  2.5225E-01 -1.4457E-01  2.6400E+00
            -1.3890E-01  2.5746E-02  2.5559E-01  4.7622E-02  1.5867E-01  1.4351E-01  4.4390E-02
 PARAMETER:  1.0083E-01  1.0130E-01  9.9223E-02  1.0205E-01  1.0235E-01  9.9580E-02  9.9484E-02  1.0029E-01  1.0063E-01  9.9942E-02
             1.0015E-01  1.0089E-01  9.9189E-02  1.0023E-01  9.8948E-02  9.8306E-02  9.9882E-02
 GRADIENT:   1.5948E+00 -6.4844E-01 -8.5638E-01  1.8289E-01  2.0804E-01  1.1670E-01  3.5464E-02  1.9162E-01 -7.3014E-01  5.9510E-04
            -3.0812E-01  5.7517E-02 -4.4497E-02  7.8414E-04 -2.2261E-02 -2.8978E-02  6.8144E-02

0ITERATION NO.:   15    OBJECTIVE VALUE:  -7299.69897456872        NO. OF FUNC. EVALS.:  38
 CUMULATIVE NO. OF FUNC. EVALS.:      586
 NPARAMETR:  1.1910E+01  1.9125E+02  6.4650E+00  6.1649E-01  1.2452E+00 -3.3526E-01 -5.1523E-01  2.5225E-01 -1.4457E-01  2.6400E+00
            -1.3887E-01  2.5743E-02  2.5556E-01  4.7649E-02  1.5867E-01  1.4351E-01  4.4390E-02
 PARAMETER:  1.0085E-01  1.0133E-01  9.9226E-02  1.0207E-01  1.0230E-01  9.9607E-02  9.9531E-02  1.0029E-01  1.0064E-01  9.9864E-02
             1.0020E-01  1.0084E-01  9.9138E-02  1.0052E-01  9.8949E-02  9.8307E-02  9.9886E-02
 GRADIENT:   1.5664E+00 -6.1561E-01 -8.3108E-01  2.0122E-01  1.8890E-01  1.4325E-01  5.2617E-02  1.8703E-01 -7.1151E-01 -2.7935E-04
            -2.7104E-01  4.1864E-02 -5.1552E-02  4.5103E-02  2.7540E-02 -2.9787E-02  6.8663E-02

0ITERATION NO.:   16    OBJECTIVE VALUE:  -7299.69898214845        NO. OF FUNC. EVALS.:  37
 CUMULATIVE NO. OF FUNC. EVALS.:      623
 NPARAMETR:  1.1910E+01  1.9125E+02  6.4650E+00  6.1648E-01  1.2449E+00 -3.3537E-01 -5.1528E-01  2.5225E-01 -1.4457E-01  2.6399E+00
            -1.3889E-01  2.5747E-02  2.5553E-01  4.7670E-02  1.5865E-01  1.4351E-01  4.4389E-02
 PARAMETER:  1.0085E-01  1.0131E-01  9.9227E-02  1.0204E-01  1.0217E-01  9.9442E-02  9.9414E-02  1.0030E-01  1.0064E-01  9.9716E-02
             1.0016E-01  1.0092E-01  9.9090E-02  1.0074E-01  9.8892E-02  9.8305E-02  9.9878E-02
 GRADIENT:   1.4871E+00 -5.9359E-01 -7.9251E-01  1.6994E-01  1.5599E-01  2.2267E-02  2.0793E-02  1.7895E-01 -6.7502E-01  1.3723E-03
            -2.8429E-01  6.8362E-02 -5.8106E-02  6.5257E-02  1.2856E-02 -3.4680E-02  6.3284E-02

0ITERATION NO.:   17    OBJECTIVE VALUE:  -7299.69901497964        NO. OF FUNC. EVALS.:  37
 CUMULATIVE NO. OF FUNC. EVALS.:      660
 NPARAMETR:  1.1910E+01  1.9124E+02  6.4651E+00  6.1648E-01  1.2445E+00 -3.3526E-01 -5.1538E-01  2.5225E-01 -1.4457E-01  2.6398E+00
            -1.3890E-01  2.5753E-02  2.5554E-01  4.7677E-02  1.5862E-01  1.4352E-01  4.4388E-02
 PARAMETER:  1.0081E-01  1.0128E-01  9.9240E-02  1.0204E-01  1.0202E-01  9.9611E-02  9.9209E-02  1.0029E-01  1.0064E-01  9.9420E-02
             1.0014E-01  1.0104E-01  9.9101E-02  1.0081E-01  9.8789E-02  9.8322E-02  9.9868E-02
 GRADIENT:   1.3225E+00 -5.3423E-01 -7.0574E-01  1.6008E-01  1.1357E-01  1.3200E-01 -5.3981E-02  1.5722E-01 -6.0293E-01  4.9957E-03
            -2.5234E-01  1.0563E-01 -4.0341E-02  6.6173E-02 -3.3271E-02 -2.2375E-02  5.3872E-02

0ITERATION NO.:   18    OBJECTIVE VALUE:  -7299.69924253496        NO. OF FUNC. EVALS.:  39
 CUMULATIVE NO. OF FUNC. EVALS.:      699
 NPARAMETR:  1.1907E+01  1.9123E+02  6.4656E+00  6.1646E-01  1.2440E+00 -3.3526E-01 -5.1528E-01  2.5227E-01 -1.4455E-01  2.6390E+00
            -1.3892E-01  2.5739E-02  2.5561E-01  4.7614E-02  1.5869E-01  1.4351E-01  4.4390E-02
 PARAMETER:  1.0061E-01  1.0120E-01  9.9318E-02  1.0194E-01  1.0178E-01  9.9606E-02  9.9419E-02  1.0032E-01  1.0067E-01  9.6956E-02
             1.0012E-01  1.0077E-01  9.9236E-02  1.0015E-01  9.9024E-02  9.8296E-02  9.9884E-02
 GRADIENT:   5.6707E-02 -2.4144E-02 -2.8986E-02  9.5978E-03  2.4700E-03  4.8338E-03  5.8075E-03  6.5924E-03 -2.6506E-02  5.1831E-04
            -1.1554E-02  1.5695E-02 -3.0499E-03  3.3738E-03  1.8722E-03 -4.0638E-04  9.4894E-04

0ITERATION NO.:   19    OBJECTIVE VALUE:  -7299.69924345657        NO. OF FUNC. EVALS.:  39
 CUMULATIVE NO. OF FUNC. EVALS.:      738
 NPARAMETR:  1.1907E+01  1.9123E+02  6.4656E+00  6.1646E-01  1.2441E+00 -3.3527E-01 -5.1536E-01  2.5227E-01 -1.4455E-01  2.6390E+00
            -1.3892E-01  2.5729E-02  2.5561E-01  4.7613E-02  1.5870E-01  1.4351E-01  4.4391E-02
 PARAMETER:  1.0062E-01  1.0121E-01  9.9318E-02  1.0193E-01  1.0181E-01  9.9590E-02  9.9253E-02  1.0032E-01  1.0067E-01  9.6927E-02
             1.0013E-01  1.0057E-01  9.9234E-02  1.0014E-01  9.9041E-02  9.8297E-02  9.9901E-02
 GRADIENT:   4.7992E-02 -1.6313E-02 -2.2609E-02  6.9855E-03  1.0918E-02 -1.1405E-03 -4.8703E-02  6.0175E-03 -2.0920E-02  3.2783E-03
            -6.7703E-03 -4.8255E-02 -3.7599E-03  2.8556E-03  6.7746E-03  2.6169E-04  5.8284E-03

0ITERATION NO.:   20    OBJECTIVE VALUE:  -7299.69924345657        NO. OF FUNC. EVALS.:  38
 CUMULATIVE NO. OF FUNC. EVALS.:      776
 NPARAMETR:  1.1907E+01  1.9123E+02  6.4656E+00  6.1646E-01  1.2440E+00 -3.3527E-01 -5.1531E-01  2.5227E-01 -1.4455E-01  2.6390E+00
            -1.3891E-01  2.5731E-02  2.5560E-01  4.7612E-02  1.5869E-01  1.4351E-01  4.4391E-02
 PARAMETER:  1.0062E-01  1.0121E-01  9.9318E-02  1.0193E-01  1.0181E-01  9.9590E-02  9.9253E-02  1.0032E-01  1.0067E-01  9.6927E-02
             1.0013E-01  1.0057E-01  9.9234E-02  1.0014E-01  9.9041E-02  9.8297E-02  9.9901E-02
 GRADIENT:   9.9414E-02 -5.0361E-02 -2.3789E-02  2.1056E-02  9.1679E-03 -7.5615E-03 -3.7936E-02 -4.5577E-03 -2.4229E-03  2.3106E-03
            -2.9345E-03 -8.3198E-02  4.1451E-02  2.8892E-02  3.0328E-02  3.1156E-02  9.8482E-03
 NUMSIGDIG:         4.0         4.0         4.5         4.0         3.5         4.1         2.8         5.2         5.7         3.4
                    4.5         3.4         3.9         3.6         3.8         3.8         5.1

 #TERM:
0MINIMIZATION TERMINATED
 DUE TO ROUNDING ERRORS (ERROR=134)
 NO. OF FUNCTION EVALUATIONS USED:      776
 NO. OF SIG. DIGITS IN FINAL EST.:  2.8

 ETABAR IS THE ARITHMETIC MEAN OF THE ETA-ESTIMATES,
 AND THE P-VALUE IS GIVEN FOR THE NULL HYPOTHESIS THAT THE TRUE MEAN IS 0.

 ETABAR:        -3.9082E-02  2.0290E-02  6.6479E-03 -3.4755E-02  2.3101E-03
 SE:             3.6104E-03  1.6101E-02  4.0944E-03  9.6619E-03  1.0312E-02
 N:                     749         749         749         749         749

 P VAL.:         2.6894E-27  2.0760E-01  1.0445E-01  3.2188E-04  8.2275E-01

 ETASHRINKSD(%)  3.8358E+01  1.2784E+01  4.8612E+01  3.3578E+01  2.5449E+01
 ETASHRINKVR(%)  6.2003E+01  2.3934E+01  7.3593E+01  5.5881E+01  4.4422E+01
 EBVSHRINKSD(%)  4.4699E+01  1.1069E+01  4.5111E+01  3.1567E+01  2.0780E+01
 EBVSHRINKVR(%)  6.9419E+01  2.0912E+01  6.9872E+01  5.3169E+01  3.7242E+01
 EPSSHRINKSD(%)  9.5125E+00
 EPSSHRINKVR(%)  1.8120E+01

  
 TOTAL DATA POINTS NORMALLY DISTRIBUTED (N):         6412
 N*LOG(2PI) CONSTANT TO OBJECTIVE FUNCTION:    11784.467749816722     
 OBJECTIVE FUNCTION VALUE WITHOUT CONSTANT:   -7299.6992434565745     
 OBJECTIVE FUNCTION VALUE WITH CONSTANT:       4484.7685063601475     
 REPORTED OBJECTIVE FUNCTION DOES NOT CONTAIN CONSTANT
  
 TOTAL EFFECTIVE ETAS (NIND*NETA):                          3750
  
 #TERE:
 Elapsed estimation  time in seconds:   138.42
 Elapsed covariance  time in seconds:     8.39
 Elapsed postprocess time in seconds:     3.05
1
 
 
 
 
 
 
 
 
 
 
 
 
 
 
 
 
 
 
 
 
 ************************************************************************************************************************
 ********************                                                                                ********************
 ********************               FIRST ORDER CONDITIONAL ESTIMATION WITH INTERACTION              ********************
 #OBJT:**************                       MINIMUM VALUE OF OBJECTIVE FUNCTION                      ********************
 ********************                                                                                ********************
 ************************************************************************************************************************
 





 #OBJV:********************************************    -7299.699       **************************************************
1
 ************************************************************************************************************************
 ********************                                                                                ********************
 ********************               FIRST ORDER CONDITIONAL ESTIMATION WITH INTERACTION              ********************
 ********************                             FINAL PARAMETER ESTIMATE                           ********************
 ********************                                                                                ********************
 ************************************************************************************************************************
 


 THETA - VECTOR OF FIXED EFFECTS PARAMETERS   *********


         TH 1      TH 2      TH 3      TH 4      TH 5      TH 6      TH 7      TH 8      TH 9      TH10      TH11      TH12     
          TH13      TH14     
 
         1.00E+00  7.50E-01  1.00E+00  1.19E+01  1.91E+02  6.47E+00  6.16E-01  1.24E+00 -3.35E-01 -5.15E-01  2.52E-01 -1.45E-01
          2.64E+00 -1.39E-01
 


 OMEGA - COV MATRIX FOR RANDOM EFFECTS - ETAS  ********


         ETA1      ETA2      ETA3      ETA4      ETA5     
 
 ETA1
+        2.57E-02
 
 ETA2
+        0.00E+00  2.56E-01
 
 ETA3
+        0.00E+00  0.00E+00  4.76E-02
 
 ETA4
+        0.00E+00  0.00E+00  0.00E+00  1.59E-01
 
 ETA5
+        0.00E+00  0.00E+00  0.00E+00  0.00E+00  1.44E-01
 


 SIGMA - COV MATRIX FOR RANDOM EFFECTS - EPSILONS  ****


         EPS1     
 
 EPS1
+        4.44E-02
 
1


 OMEGA - CORR MATRIX FOR RANDOM EFFECTS - ETAS  *******


         ETA1      ETA2      ETA3      ETA4      ETA5     
 
 ETA1
+        1.60E-01
 
 ETA2
+        0.00E+00  5.06E-01
 
 ETA3
+        0.00E+00  0.00E+00  2.18E-01
 
 ETA4
+        0.00E+00  0.00E+00  0.00E+00  3.98E-01
 
 ETA5
+        0.00E+00  0.00E+00  0.00E+00  0.00E+00  3.79E-01
 


 SIGMA - CORR MATRIX FOR RANDOM EFFECTS - EPSILONS  ***


         EPS1     
 
 EPS1
+        2.11E-01
 
1
 ************************************************************************************************************************
 ********************                                                                                ********************
 ********************               FIRST ORDER CONDITIONAL ESTIMATION WITH INTERACTION              ********************
 ********************                            STANDARD ERROR OF ESTIMATE                          ********************
 ********************                                                                                ********************
 ************************************************************************************************************************
 


 THETA - VECTOR OF FIXED EFFECTS PARAMETERS   *********


         TH 1      TH 2      TH 3      TH 4      TH 5      TH 6      TH 7      TH 8      TH 9      TH10      TH11      TH12     
          TH13      TH14     
 
        ......... ......... .........  3.65E-01  8.20E+00  1.51E-01  7.41E-03  1.57E-01  3.80E-02  5.39E-02  9.56E-03  1.00E-02
          5.40E-01  3.70E-02
 


 OMEGA - COV MATRIX FOR RANDOM EFFECTS - ETAS  ********


         ETA1      ETA2      ETA3      ETA4      ETA5     
 
 ETA1
+        3.12E-03
 
 ETA2
+       .........  1.99E-02
 
 ETA3
+       ......... .........  1.35E-02
 
 ETA4
+       ......... ......... .........  1.69E-02
 
 ETA5
+       ......... ......... ......... .........  1.23E-02
 


 SIGMA - COV MATRIX FOR RANDOM EFFECTS - EPSILONS  ****


         EPS1     
 
 EPS1
+        1.02E-03
 
1


 OMEGA - CORR MATRIX FOR RANDOM EFFECTS - ETAS  *******


         ETA1      ETA2      ETA3      ETA4      ETA5     
 
 ETA1
+        9.74E-03
 
 ETA2
+       .........  1.97E-02
 
 ETA3
+       ......... .........  3.09E-02
 
 ETA4
+       ......... ......... .........  2.12E-02
 
 ETA5
+       ......... ......... ......... .........  1.63E-02
 


 SIGMA - CORR MATRIX FOR RANDOM EFFECTS - EPSILONS  ***


         EPS1     
 
 EPS1
+        2.42E-03
 
1
 ************************************************************************************************************************
 ********************                                                                                ********************
 ********************               FIRST ORDER CONDITIONAL ESTIMATION WITH INTERACTION              ********************
 ********************                          COVARIANCE MATRIX OF ESTIMATE                         ********************
 ********************                                                                                ********************
 ************************************************************************************************************************
 

            TH 1      TH 2      TH 3      TH 4      TH 5      TH 6      TH 7      TH 8      TH 9      TH10      TH11      TH12  
             TH13      TH14      OM11      OM12      OM13      OM14      OM15      OM22      OM23      OM24      OM25      OM33  
            OM34      OM35      OM44      OM45      OM55      SG11  
 
 TH 1
+       .........
 
 TH 2
+       ......... .........
 
 TH 3
+       ......... ......... .........
 
 TH 4
+       ......... ......... .........  1.33E-01
 
 TH 5
+       ......... ......... .........  2.16E+00  6.72E+01
 
 TH 6
+       ......... ......... ......... -8.78E-03 -6.17E-01  2.28E-02
 
 TH 7
+       ......... ......... ......... -1.61E-04 -2.09E-02  4.91E-04  5.48E-05
 
 TH 8
+       ......... ......... ......... -8.40E-03 -8.67E-03 -1.94E-04  2.41E-05  2.47E-02
 
 TH 9
+       ......... ......... ......... -2.11E-03  2.10E-02 -9.94E-05 -9.45E-07  3.76E-04  1.44E-03
 
 TH10
+       ......... ......... ......... -3.01E-04  5.12E-02 -3.12E-04  5.98E-06  4.48E-04  1.29E-04  2.90E-03
 
 TH11
+       ......... ......... ......... -2.34E-04 -4.90E-04 -1.35E-04 -2.89E-06 -6.55E-05 -2.53E-05 -2.14E-05  9.14E-05
 
 TH12
+       ......... ......... .........  5.01E-04  1.03E-02 -4.67E-05 -3.95E-06 -2.58E-04  4.12E-05 -3.32E-05 -2.18E-06  1.00E-04
 
 TH13
+       ......... ......... .........  1.61E-02  6.51E-01 -3.45E-03  1.27E-04  1.43E-03  5.38E-04  2.11E-02 -1.30E-04 -3.64E-04
          2.91E-01
 
 TH14
+       ......... ......... .........  8.61E-03  1.30E-01  1.01E-04  2.30E-06  3.71E-05 -1.41E-04 -1.80E-06  4.82E-06 -7.71E-06
         -4.60E-04  1.37E-03
 
 OM11
+       ......... ......... .........  3.39E-06  3.56E-04 -3.34E-05 -2.63E-06 -1.52E-06 -4.95E-07  3.14E-06  9.46E-07 -2.85E-06
          3.37E-05 -8.55E-07  9.76E-06
 
 OM12
+       ......... ......... ......... ......... ......... ......... ......... ......... ......... ......... ......... .........
         ......... ......... ......... .........
 
 OM13
+       ......... ......... ......... ......... ......... ......... ......... ......... ......... ......... ......... .........
         ......... ......... ......... ......... .........
 
 OM14
+       ......... ......... ......... ......... ......... ......... ......... ......... ......... ......... ......... .........
         ......... ......... ......... ......... ......... .........
 
 OM15
+       ......... ......... ......... ......... ......... ......... ......... ......... ......... ......... ......... .........
         ......... ......... ......... ......... ......... ......... .........
 
1

            TH 1      TH 2      TH 3      TH 4      TH 5      TH 6      TH 7      TH 8      TH 9      TH10      TH11      TH12  
             TH13      TH14      OM11      OM12      OM13      OM14      OM15      OM22      OM23      OM24      OM25      OM33  
            OM34      OM35      OM44      OM45      OM55      SG11  
 
 OM22
+       ......... ......... ......... -2.42E-04 -5.27E-03  7.60E-05 -3.08E-06  7.75E-05  2.30E-05  7.74E-05 -1.34E-06 -1.15E-06
          1.28E-03  1.25E-06  3.71E-06 ......... ......... ......... .........  3.97E-04
 
 OM23
+       ......... ......... ......... ......... ......... ......... ......... ......... ......... ......... ......... .........
         ......... ......... ......... ......... ......... ......... ......... ......... .........
 
 OM24
+       ......... ......... ......... ......... ......... ......... ......... ......... ......... ......... ......... .........
         ......... ......... ......... ......... ......... ......... ......... ......... ......... .........
 
 OM25
+       ......... ......... ......... ......... ......... ......... ......... ......... ......... ......... ......... .........
         ......... ......... ......... ......... ......... ......... ......... ......... ......... ......... .........
 
 OM33
+       ......... ......... .........  1.49E-04  3.27E-03 -2.89E-05  6.29E-06 -3.87E-05  1.78E-05 -4.71E-05 -2.59E-06  7.29E-06
         -5.29E-04  5.91E-06 -1.83E-07 ......... ......... ......... ......... -1.59E-04 ......... ......... .........  1.81E-04
 
 OM34
+       ......... ......... ......... ......... ......... ......... ......... ......... ......... ......... ......... .........
         ......... ......... ......... ......... ......... ......... ......... ......... ......... ......... ......... .........
        .........
 
 OM35
+       ......... ......... ......... ......... ......... ......... ......... ......... ......... ......... ......... .........
         ......... ......... ......... ......... ......... ......... ......... ......... ......... ......... ......... .........
        ......... .........
 
 OM44
+       ......... ......... ......... -1.08E-04  8.42E-04 -2.46E-04 -6.07E-06  9.74E-06 -5.48E-05  1.10E-05  2.32E-05 -2.73E-06
          2.87E-04 -1.43E-05  1.90E-06 ......... ......... ......... .........  1.08E-04 ......... ......... ......... -1.23E-04
        ......... .........  2.85E-04
 
 OM45
+       ......... ......... ......... ......... ......... ......... ......... ......... ......... ......... ......... .........
         ......... ......... ......... ......... ......... ......... ......... ......... ......... ......... ......... .........
        ......... ......... ......... .........
 
 OM55
+       ......... ......... ......... -1.65E-04 -3.45E-03  1.07E-04  1.34E-05  7.59E-05  4.55E-05  4.23E-06  1.81E-06 -1.15E-05
          4.82E-05 -2.54E-05  4.19E-07 ......... ......... ......... ......... -6.44E-06 ......... ......... .........  1.14E-05
        ......... ......... -2.76E-05 .........  1.52E-04
 
 SG11
+       ......... ......... .........  1.08E-05  5.00E-04 -7.05E-07  3.17E-07 -8.90E-06  3.20E-07  7.23E-07 -6.35E-07  7.43E-07
          1.35E-05 -6.72E-07 -1.43E-06 ......... ......... ......... ......... -1.43E-06 ......... ......... .........  1.15E-07
        ......... ......... -1.25E-06 ......... -2.95E-07  1.04E-06
 
1
 ************************************************************************************************************************
 ********************                                                                                ********************
 ********************               FIRST ORDER CONDITIONAL ESTIMATION WITH INTERACTION              ********************
 ********************                          CORRELATION MATRIX OF ESTIMATE                        ********************
 ********************                                                                                ********************
 ************************************************************************************************************************
 

            TH 1      TH 2      TH 3      TH 4      TH 5      TH 6      TH 7      TH 8      TH 9      TH10      TH11      TH12  
             TH13      TH14      OM11      OM12      OM13      OM14      OM15      OM22      OM23      OM24      OM25      OM33  
            OM34      OM35      OM44      OM45      OM55      SG11  
 
 TH 1
+       .........
 
 TH 2
+       ......... .........
 
 TH 3
+       ......... ......... .........
 
 TH 4
+       ......... ......... .........  3.65E-01
 
 TH 5
+       ......... ......... .........  7.21E-01  8.20E+00
 
 TH 6
+       ......... ......... ......... -1.59E-01 -4.98E-01  1.51E-01
 
 TH 7
+       ......... ......... ......... -5.97E-02 -3.44E-01  4.39E-01  7.41E-03
 
 TH 8
+       ......... ......... ......... -1.47E-01 -6.73E-03 -8.20E-03  2.07E-02  1.57E-01
 
 TH 9
+       ......... ......... ......... -1.52E-01  6.73E-02 -1.73E-02 -3.36E-03  6.31E-02  3.80E-02
 
 TH10
+       ......... ......... ......... -1.53E-02  1.16E-01 -3.84E-02  1.50E-02  5.29E-02  6.30E-02  5.39E-02
 
 TH11
+       ......... ......... ......... -6.70E-02 -6.25E-03 -9.34E-02 -4.08E-02 -4.36E-02 -6.97E-02 -4.15E-02  9.56E-03
 
 TH12
+       ......... ......... .........  1.37E-01  1.25E-01 -3.09E-02 -5.34E-02 -1.64E-01  1.08E-01 -6.16E-02 -2.28E-02  1.00E-02
 
 TH13
+       ......... ......... .........  8.18E-02  1.47E-01 -4.24E-02  3.18E-02  1.69E-02  2.62E-02  7.27E-01 -2.51E-02 -6.75E-02
          5.40E-01
 
 TH14
+       ......... ......... .........  6.38E-01  4.28E-01  1.81E-02  8.40E-03  6.39E-03 -1.00E-01 -9.02E-04  1.36E-02 -2.08E-02
         -2.30E-02  3.70E-02
 
 OM11
+       ......... ......... .........  2.97E-03  1.39E-02 -7.08E-02 -1.14E-01 -3.10E-03 -4.18E-03  1.87E-02  3.17E-02 -9.13E-02
          2.00E-02 -7.40E-03  3.12E-03
 
 OM12
+       ......... ......... ......... ......... ......... ......... ......... ......... ......... ......... ......... .........
         ......... ......... ......... .........
 
 OM13
+       ......... ......... ......... ......... ......... ......... ......... ......... ......... ......... ......... .........
         ......... ......... ......... ......... .........
 
 OM14
+       ......... ......... ......... ......... ......... ......... ......... ......... ......... ......... ......... .........
         ......... ......... ......... ......... ......... .........
 
 OM15
+       ......... ......... ......... ......... ......... ......... ......... ......... ......... ......... ......... .........
         ......... ......... ......... ......... ......... ......... .........
 
1

            TH 1      TH 2      TH 3      TH 4      TH 5      TH 6      TH 7      TH 8      TH 9      TH10      TH11      TH12  
             TH13      TH14      OM11      OM12      OM13      OM14      OM15      OM22      OM23      OM24      OM25      OM33  
            OM34      OM35      OM44      OM45      OM55      SG11  
 
 OM22
+       ......... ......... ......... -3.33E-02 -3.23E-02  2.53E-02 -2.09E-02  2.48E-02  3.05E-02  7.21E-02 -7.05E-03 -5.78E-03
          1.19E-01  1.70E-03  5.97E-02 ......... ......... ......... .........  1.99E-02
 
 OM23
+       ......... ......... ......... ......... ......... ......... ......... ......... ......... ......... ......... .........
         ......... ......... ......... ......... ......... ......... ......... ......... .........
 
 OM24
+       ......... ......... ......... ......... ......... ......... ......... ......... ......... ......... ......... .........
         ......... ......... ......... ......... ......... ......... ......... ......... ......... .........
 
 OM25
+       ......... ......... ......... ......... ......... ......... ......... ......... ......... ......... ......... .........
         ......... ......... ......... ......... ......... ......... ......... ......... ......... ......... .........
 
 OM33
+       ......... ......... .........  3.04E-02  2.96E-02 -1.42E-02  6.30E-02 -1.83E-02  3.48E-02 -6.49E-02 -2.01E-02  5.41E-02
         -7.27E-02  1.19E-02 -4.35E-03 ......... ......... ......... ......... -5.92E-01 ......... ......... .........  1.35E-02
 
 OM34
+       ......... ......... ......... ......... ......... ......... ......... ......... ......... ......... ......... .........
         ......... ......... ......... ......... ......... ......... ......... ......... ......... ......... ......... .........
        .........
 
 OM35
+       ......... ......... ......... ......... ......... ......... ......... ......... ......... ......... ......... .........
         ......... ......... ......... ......... ......... ......... ......... ......... ......... ......... ......... .........
        ......... .........
 
 OM44
+       ......... ......... ......... -1.75E-02  6.08E-03 -9.65E-02 -4.85E-02  3.67E-03 -8.56E-02  1.21E-02  1.44E-01 -1.61E-02
          3.15E-02 -2.29E-02  3.61E-02 ......... ......... ......... .........  3.21E-01 ......... ......... ......... -5.42E-01
        ......... .........  1.69E-02
 
 OM45
+       ......... ......... ......... ......... ......... ......... ......... ......... ......... ......... ......... .........
         ......... ......... ......... ......... ......... ......... ......... ......... ......... ......... ......... .........
        ......... ......... ......... .........
 
 OM55
+       ......... ......... ......... -3.67E-02 -3.41E-02  5.75E-02  1.46E-01  3.91E-02  9.70E-02  6.36E-03  1.53E-02 -9.31E-02
          7.24E-03 -5.57E-02  1.09E-02 ......... ......... ......... ......... -2.62E-02 ......... ......... .........  6.84E-02
        ......... ......... -1.32E-01 .........  1.23E-02
 
 SG11
+       ......... ......... .........  2.90E-02  5.98E-02 -4.58E-03  4.19E-02 -5.55E-02  8.28E-03  1.32E-02 -6.51E-02  7.28E-02
          2.45E-02 -1.78E-02 -4.49E-01 ......... ......... ......... ......... -7.03E-02 ......... ......... .........  8.35E-03
        ......... ......... -7.26E-02 ......... -2.34E-02  1.02E-03
 
1
 ************************************************************************************************************************
 ********************                                                                                ********************
 ********************               FIRST ORDER CONDITIONAL ESTIMATION WITH INTERACTION              ********************
 ********************                      INVERSE COVARIANCE MATRIX OF ESTIMATE                     ********************
 ********************                                                                                ********************
 ************************************************************************************************************************
 

            TH 1      TH 2      TH 3      TH 4      TH 5      TH 6      TH 7      TH 8      TH 9      TH10      TH11      TH12  
             TH13      TH14      OM11      OM12      OM13      OM14      OM15      OM22      OM23      OM24      OM25      OM33  
            OM34      OM35      OM44      OM45      OM55      SG11  
 
 TH 1
+       .........
 
 TH 2
+       ......... .........
 
 TH 3
+       ......... ......... .........
 
 TH 4
+       ......... ......... .........  2.96E+01
 
 TH 5
+       ......... ......... ......... -8.96E-01  5.75E-02
 
 TH 6
+       ......... ......... ......... -7.73E+00  9.35E-01  7.44E+01
 
 TH 7
+       ......... ......... ......... -1.86E+02  1.14E+01 -3.21E+02  2.58E+04
 
 TH 8
+       ......... ......... .........  8.44E+00 -2.59E-01 -1.01E+00 -7.05E+01  4.48E+01
 
 TH 9
+       ......... ......... .........  4.54E+01 -1.92E+00 -1.96E+01 -3.68E+02  0.00E+00  8.14E+02
 
 TH10
+       ......... ......... .........  3.15E+01 -8.90E-01 -4.66E+00 -1.63E+02  0.00E+00  0.00E+00  7.73E+02
 
 TH11
+       ......... ......... .........  8.15E+01 -1.30E+00  6.31E+01 -1.98E+02  5.54E+01  2.55E+02  1.68E+02  1.17E+04
 
 TH12
+       ......... ......... ......... -7.30E+01 -5.92E-01 -3.53E+01  5.56E+02  9.26E+01 -4.12E+02 -4.41E+01 -6.72E+01  1.12E+04
 
 TH13
+       ......... ......... ......... -2.28E+00 -5.62E-03 -3.16E-01 -1.83E+01  0.00E+00  0.00E+00 -5.61E+01 -9.93E+00  2.30E+01
          7.77E+00
 
 TH14
+       ......... ......... ......... -9.77E+01 -1.11E-01 -4.71E+01 -2.08E-01 -2.92E+01 -2.37E+01 -1.32E+02 -4.29E+02  5.63E+02
          1.77E+01  1.38E+03
 
 OM11
+       ......... ......... ......... -6.43E+01  1.57E+00  1.13E+02  5.01E+03  8.52E+01 -1.21E+02 -1.17E+02  4.30E+01  3.12E+03
         -8.94E+00  4.10E+02  1.31E+05
 
 OM12
+       ......... ......... ......... ......... ......... ......... ......... ......... ......... ......... ......... .........
         ......... ......... ......... .........
 
 OM13
+       ......... ......... ......... ......... ......... ......... ......... ......... ......... ......... ......... .........
         ......... ......... ......... ......... .........
 
 OM14
+       ......... ......... ......... ......... ......... ......... ......... ......... ......... ......... ......... .........
         ......... ......... ......... ......... ......... .........
 
 OM15
+       ......... ......... ......... ......... ......... ......... ......... ......... ......... ......... ......... .........
         ......... ......... ......... ......... ......... ......... .........
 
1

            TH 1      TH 2      TH 3      TH 4      TH 5      TH 6      TH 7      TH 8      TH 9      TH10      TH11      TH12  
             TH13      TH14      OM11      OM12      OM13      OM14      OM15      OM22      OM23      OM24      OM25      OM33  
            OM34      OM35      OM44      OM45      OM55      SG11  
 
 OM22
+       ......... ......... .........  9.34E+00  2.15E-01  1.28E-01 -9.73E+01 -4.36E+00 -9.32E+01  8.80E+01  1.86E+02 -3.65E+02
         -1.90E+01 -1.16E+02 -1.00E+03 ......... ......... ......... .........  4.00E+03
 
 OM23
+       ......... ......... ......... ......... ......... ......... ......... ......... ......... ......... ......... .........
         ......... ......... ......... ......... ......... ......... ......... ......... .........
 
 OM24
+       ......... ......... ......... ......... ......... ......... ......... ......... ......... ......... ......... .........
         ......... ......... ......... ......... ......... ......... ......... ......... ......... .........
 
 OM25
+       ......... ......... ......... ......... ......... ......... ......... ......... ......... ......... ......... .........
         ......... ......... ......... ......... ......... ......... ......... ......... ......... ......... .........
 
 OM33
+       ......... ......... .........  1.40E+01 -5.04E-01  6.13E+01 -1.55E+03  3.21E+00 -3.00E+01  1.49E+02 -4.04E+02 -7.82E+02
         -9.18E+00 -6.19E+01 -1.17E+03 ......... ......... ......... .........  3.48E+03 ......... ......... .........  1.11E+04
 
 OM34
+       ......... ......... ......... ......... ......... ......... ......... ......... ......... ......... ......... .........
         ......... ......... ......... ......... ......... ......... ......... ......... ......... ......... ......... .........
        .........
 
 OM35
+       ......... ......... ......... ......... ......... ......... ......... ......... ......... ......... ......... .........
         ......... ......... ......... ......... ......... ......... ......... ......... ......... ......... ......... .........
        ......... .........
 
 OM44
+       ......... ......... .........  3.69E+00 -1.48E-01  6.56E+01 -7.29E+02 -1.44E+00  1.35E+02  4.68E+01 -1.10E+03 -1.51E+02
         -2.07E+00  5.94E+01 -3.93E+01 ......... ......... ......... ......... -1.88E+01 ......... ......... .........  3.56E+03
        ......... .........  5.31E+03
 
 OM45
+       ......... ......... ......... ......... ......... ......... ......... ......... ......... ......... ......... .........
         ......... ......... ......... ......... ......... ......... ......... ......... ......... ......... ......... .........
        ......... ......... ......... .........
 
 OM55
+       ......... ......... ......... -6.49E+00 -6.70E-01 -8.96E+00 -1.83E+03 -1.06E+01 -2.05E+02  2.73E+00 -4.39E+02  8.97E+02
          2.51E+00  2.33E+02 -2.32E+02 ......... ......... ......... ......... -7.57E+01 ......... ......... .........  2.04E+01
        ......... .........  6.95E+02 .........  7.01E+03
 
 SG11
+       ......... ......... .........  2.04E+02 -2.04E+01  4.18E+01 -6.75E+03  4.95E+02  5.45E+02  3.88E+02  6.12E+03 -2.23E+03
         -8.02E+01  1.43E+03  1.77E+05 ......... ......... ......... .........  3.99E+03 ......... ......... .........  7.17E+03
        ......... .........  5.82E+03 .........  2.52E+03  1.24E+06
 
1
 
 
 
 
 
 
 
 
 
 
 
 
 
 
 
 
 
 
 
 
 ************************************************************************************************************************
 ********************                                                                                ********************
 ********************               FIRST ORDER CONDITIONAL ESTIMATION WITH INTERACTION              ********************
 ********************                      EIGENVALUES OF COR MATRIX OF ESTIMATE                     ********************
 ********************                                                                                ********************
 ************************************************************************************************************************
 

             1         2         3         4         5         6         7         8         9        10        11        12
             13        14        15        16        17
 
         1.34E-01  2.50E-01  3.27E-01  3.70E-01  5.24E-01  5.45E-01  6.54E-01  7.38E-01  8.87E-01  1.02E+00  1.13E+00  1.14E+00
          1.43E+00  1.54E+00  1.73E+00  2.11E+00  2.48E+00
 
 Elapsed finaloutput time in seconds:     3.51
 #CPUT: Total CPU Time in Seconds,      558.729
Stop Time:
Fri Jun  4 12:51:47 CEST 2021
